<!DOCTYPE html>

<html>
  <head>
  <meta charset='utf-8'>
  <title>TestNG reports</title>

    <link type="text/css" href="testng-reports.css" rel="stylesheet" />  
    <script type="text/javascript" src="jquery-1.7.1.min.js"></script>
    <script type="text/javascript" src="testng-reports.js"></script>
    <script type="text/javascript" src="https://www.google.com/jsapi"></script>
    <script type='text/javascript'>
      google.load('visualization', '1', {packages:['table']});
      google.setOnLoadCallback(drawTable);
      var suiteTableInitFunctions = new Array();
      var suiteTableData = new Array();
    </script>
    <!--
      <script type="text/javascript" src="jquery-ui/js/jquery-ui-1.8.16.custom.min.js"></script>
     -->
  </head>

  <body>
    <div class="top-banner-root">
      <span class="top-banner-title-font">Test results</span>
      <br/>
      <span class="top-banner-font-1">1 suite, 15 failed tests</span>
    </div> <!-- top-banner-root -->
    <div class="navigator-root">
      <div class="navigator-suite-header">
        <span>All suites</span>
        <a href="#" class="collapse-all-link" title="Collapse/expand all the suites">
          <img class="collapse-all-icon" src="collapseall.gif">
          </img> <!-- collapse-all-icon -->
        </a> <!-- collapse-all-link -->
      </div> <!-- navigator-suite-header -->
      <div class="suite">
        <div class="rounded-window">
          <div class="suite-header light-rounded-window-top">
            <a href="#" class="navigator-link" panel-name="suite-Suite">
              <span class="suite-name border-failed">Suite</span>
            </a> <!-- navigator-link -->
          </div> <!-- suite-header light-rounded-window-top -->
          <div class="navigator-suite-content">
            <div class="suite-section-title">
              <span>Info</span>
            </div> <!-- suite-section-title -->
            <div class="suite-section-content">
              <ul>
                <li>
                  <a href="#" class="navigator-link " panel-name="test-xml-Suite">
                    <span>C:\Users\YOGITA\git\DemoWebShop\Selenium_TestAutomation_Framework-main\testng.xml</span>
                  </a> <!-- navigator-link  -->
                </li>
                <li>
                  <a href="#" class="navigator-link " panel-name="testlist-Suite">
                    <span class="test-stats">1 test</span>
                  </a> <!-- navigator-link  -->
                </li>
                <li>
                  <a href="#" class="navigator-link " panel-name="group-Suite">
                    <span>0 groups</span>
                  </a> <!-- navigator-link  -->
                </li>
                <li>
                  <a href="#" class="navigator-link " panel-name="times-Suite">
                    <span>Times</span>
                  </a> <!-- navigator-link  -->
                </li>
                <li>
                  <a href="#" class="navigator-link " panel-name="reporter-Suite">
                    <span>Reporter output</span>
                  </a> <!-- navigator-link  -->
                </li>
                <li>
                  <a href="#" class="navigator-link " panel-name="ignored-methods-Suite">
                    <span>Ignored methods</span>
                  </a> <!-- navigator-link  -->
                </li>
                <li>
                  <a href="#" class="navigator-link " panel-name="chronological-Suite">
                    <span>Chronological view</span>
                  </a> <!-- navigator-link  -->
                </li>
              </ul>
            </div> <!-- suite-section-content -->
            <div class="result-section">
              <div class="suite-section-title">
                <span>Results</span>
              </div> <!-- suite-section-title -->
              <div class="suite-section-content">
                <ul>
                  <li>
                    <span class="method-stats">31 methods, 15 failed,  2 skipped,  14 passed</span>
                  </li>
                  <li>
                    <span class="method-list-title failed">Failed methods</span>
                    <span class="show-or-hide-methods failed">
                      <a href="#" panel-name="suite-Suite" class="hide-methods failed suite-Suite"> (hide)</a> <!-- hide-methods failed suite-Suite -->
                      <a href="#" panel-name="suite-Suite" class="show-methods failed suite-Suite"> (show)</a> <!-- show-methods failed suite-Suite -->
                    </span>
                    <div class="method-list-content failed suite-Suite">
                      <span>
                        <img width="3%" src="failed.png"/>
                        <a href="#" class="method navigator-link" panel-name="suite-Suite" title="com.DemoWebShop.tests.TC_LOGIN_006" hash-for-method="testCase6(amazing.detive_genius@gmail.com, dieHardFan)">testCase6(amazing.detive_genius@gmail.com, dieHardFan)</a> <!-- method navigator-link -->
                      </span>
                      <br/>
                      <span>
                        <img width="3%" src="failed.png"/>
                        <a href="#" class="method navigator-link" panel-name="suite-Suite" title="com.DemoWebShop.tests.TC_LOGIN_006" hash-for-method="testCase6(lorelaig_cfee@gmail.com, lukelorelai)">testCase6(lorelaig_cfee@gmail.com, lukelorelai)</a> <!-- method navigator-link -->
                      </span>
                      <br/>
                      <span>
                        <img width="3%" src="failed.png"/>
                        <a href="#" class="method navigator-link" panel-name="suite-Suite" title="com.DemoWebShop.tests.TC_LOGIN_006" hash-for-method="testCase6(emilyisTeanest@hartford.com, EmilyRichard)">testCase6(emilyisTeanest@hartford.com, EmilyRichard)</a> <!-- method navigator-link -->
                      </span>
                      <br/>
                      <span>
                        <img width="3%" src="failed.png"/>
                        <a href="#" class="method navigator-link" panel-name="suite-Suite" title="com.DemoWebShop.tests.TC_LOGIN_008" hash-for-method="testCase8(lorelaig_coffee@gmail.com)">testCase8(lorelaig_coffee@gmail.com)</a> <!-- method navigator-link -->
                      </span>
                      <br/>
                      <span>
                        <img width="3%" src="failed.png"/>
                        <a href="#" class="method navigator-link" panel-name="suite-Suite" title="com.DemoWebShop.tests.TC_LOGIN_008" hash-for-method="testCase8(amazing.detective_genius@gmail.com)">testCase8(amazing.detective_genius@gmail.com)</a> <!-- method navigator-link -->
                      </span>
                      <br/>
                      <span>
                        <img width="3%" src="failed.png"/>
                        <a href="#" class="method navigator-link" panel-name="suite-Suite" title="com.DemoWebShop.tests.TC_LOGIN_008" hash-for-method="testCase8(emilyisTheMeanest@hartford.com)">testCase8(emilyisTheMeanest@hartford.com)</a> <!-- method navigator-link -->
                      </span>
                      <br/>
                      <span>
                        <img width="3%" src="failed.png"/>
                        <a href="#" class="method navigator-link" panel-name="suite-Suite" title="com.DemoWebShop.tests.TC_LOGIN_009" hash-for-method="testCase9(emilyisThet@hartford.com, EmilyRicha)">testCase9(emilyisThet@hartford.com, EmilyRicha)</a> <!-- method navigator-link -->
                      </span>
                      <br/>
                      <span>
                        <img width="3%" src="failed.png"/>
                        <a href="#" class="method navigator-link" panel-name="suite-Suite" title="com.DemoWebShop.tests.TC_LOGIN_009" hash-for-method="testCase9(amazing.detee_genius@gmail.com, dieHar)">testCase9(amazing.detee_genius@gmail.com, dieHar)</a> <!-- method navigator-link -->
                      </span>
                      <br/>
                      <span>
                        <img width="3%" src="failed.png"/>
                        <a href="#" class="method navigator-link" panel-name="suite-Suite" title="com.DemoWebShop.tests.TC_LOGIN_009" hash-for-method="testCase9(lorelaig_co@gmail.com, lukelore)">testCase9(lorelaig_co@gmail.com, lukelore)</a> <!-- method navigator-link -->
                      </span>
                      <br/>
                      <span>
                        <img width="3%" src="failed.png"/>
                        <a href="#" class="method navigator-link" panel-name="suite-Suite" title="com.DemoWebShop.tests.TC_SHOPPINGCART_010" hash-for-method="testcase10">testcase10</a> <!-- method navigator-link -->
                      </span>
                      <br/>
                      <span>
                        <img width="3%" src="failed.png"/>
                        <a href="#" class="method navigator-link" panel-name="suite-Suite" title="com.DemoWebShop.tests.TC_REGISTER_003" hash-for-method="testcase3(vhbfu33489, Gopal, DeekshaVnfj@gmail.com, jvfifv, jvfifv)">testcase3(vhbfu33489, Gopal, DeekshaVnfj@gmail.com, jvfifv, jvfifv)</a> <!-- method navigator-link -->
                      </span>
                      <br/>
                      <span>
                        <img width="3%" src="failed.png"/>
                        <a href="#" class="method navigator-link" panel-name="suite-Suite" title="com.DemoWebShop.tests.TC_REGISTER_003" hash-for-method="testcase3(   nsdniwjq12e329884, Vashisht, SandhyaSfvfrkj@gmail.com, vfhnjvf, vfhnjvf)">testcase3(   nsdniwjq12e329884, Vashisht, SandhyaSfvfrkj@gmail.com, vfhnjvf, vfhnjvf)</a> <!-- method navigator-link -->
                      </span>
                      <br/>
                      <span>
                        <img width="3%" src="failed.png"/>
                        <a href="#" class="method navigator-link" panel-name="suite-Suite" title="com.DemoWebShop.tests.TC_LOGIN_005" hash-for-method="testcase5(lorelaig_coffee@gmail.com, lukelorel)">testcase5(lorelaig_coffee@gmail.com, lukelorel)</a> <!-- method navigator-link -->
                      </span>
                      <br/>
                      <span>
                        <img width="3%" src="failed.png"/>
                        <a href="#" class="method navigator-link" panel-name="suite-Suite" title="com.DemoWebShop.tests.TC_LOGIN_005" hash-for-method="testcase5(amazing.detective_genius@gmail.com, London)">testcase5(amazing.detective_genius@gmail.com, London)</a> <!-- method navigator-link -->
                      </span>
                      <br/>
                      <span>
                        <img width="3%" src="failed.png"/>
                        <a href="#" class="method navigator-link" panel-name="suite-Suite" title="com.DemoWebShop.tests.TC_LOGIN_005" hash-for-method="testcase5(emilyisTheMeanest@hartford.com, hartfo)">testcase5(emilyisTheMeanest@hartford.com, hartfo)</a> <!-- method navigator-link -->
                      </span>
                      <br/>
                    </div> <!-- method-list-content failed suite-Suite -->
                  </li>
                  <li>
                    <span class="method-list-title skipped">Skipped methods</span>
                    <span class="show-or-hide-methods skipped">
                      <a href="#" panel-name="suite-Suite" class="hide-methods skipped suite-Suite"> (hide)</a> <!-- hide-methods skipped suite-Suite -->
                      <a href="#" panel-name="suite-Suite" class="show-methods skipped suite-Suite"> (show)</a> <!-- show-methods skipped suite-Suite -->
                    </span>
                    <div class="method-list-content skipped suite-Suite">
                      <span>
                        <img width="3%" src="skipped.png"/>
                        <a href="#" class="method navigator-link" panel-name="suite-Suite" title="com.DemoWebShop.tests.GoogleSearchTC" hash-for-method="TC01">TC01</a> <!-- method navigator-link -->
                      </span>
                      <br/>
                      <span>
                        <img width="3%" src="skipped.png"/>
                        <a href="#" class="method navigator-link" panel-name="suite-Suite" title="com.DemoWebShop.tests.GoogleSearch" hash-for-method="TC01">TC01</a> <!-- method navigator-link -->
                      </span>
                      <br/>
                    </div> <!-- method-list-content skipped suite-Suite -->
                  </li>
                  <li>
                    <span class="method-list-title passed">Passed methods</span>
                    <span class="show-or-hide-methods passed">
                      <a href="#" panel-name="suite-Suite" class="hide-methods passed suite-Suite"> (hide)</a> <!-- hide-methods passed suite-Suite -->
                      <a href="#" panel-name="suite-Suite" class="show-methods passed suite-Suite"> (show)</a> <!-- show-methods passed suite-Suite -->
                    </span>
                    <div class="method-list-content passed suite-Suite">
                      <span>
                        <img width="3%" src="passed.png"/>
                        <a href="#" class="method navigator-link" panel-name="suite-Suite" title="com.DemoWebShop.tests.TC_SHOPPINGCART_013" hash-for-method="testCase13(jewelry)">testCase13(jewelry)</a> <!-- method navigator-link -->
                      </span>
                      <br/>
                      <span>
                        <img width="3%" src="passed.png"/>
                        <a href="#" class="method navigator-link" panel-name="suite-Suite" title="com.DemoWebShop.tests.TC_SHOPPINGCART_013" hash-for-method="testCase13(computer)">testCase13(computer)</a> <!-- method navigator-link -->
                      </span>
                      <br/>
                      <span>
                        <img width="3%" src="passed.png"/>
                        <a href="#" class="method navigator-link" panel-name="suite-Suite" title="com.DemoWebShop.tests.TC_LOGIN_007" hash-for-method="testCase7(amazing.detective_genius@gmail.com, dieHardFan)">testCase7(amazing.detective_genius@gmail.com, dieHardFan)</a> <!-- method navigator-link -->
                      </span>
                      <br/>
                      <span>
                        <img width="3%" src="passed.png"/>
                        <a href="#" class="method navigator-link" panel-name="suite-Suite" title="com.DemoWebShop.tests.TC_LOGIN_007" hash-for-method="testCase7(lorelaig_coffee@gmail.com, lukelorelai)">testCase7(lorelaig_coffee@gmail.com, lukelorelai)</a> <!-- method navigator-link -->
                      </span>
                      <br/>
                      <span>
                        <img width="3%" src="passed.png"/>
                        <a href="#" class="method navigator-link" panel-name="suite-Suite" title="com.DemoWebShop.tests.TC_LOGIN_007" hash-for-method="testCase7(emilyisTheMeanest@hartford.com, EmilyRichard)">testCase7(emilyisTheMeanest@hartford.com, EmilyRichard)</a> <!-- method navigator-link -->
                      </span>
                      <br/>
                      <span>
                        <img width="3%" src="passed.png"/>
                        <a href="#" class="method navigator-link" panel-name="suite-Suite" title="com.DemoWebShop.tests.TC_REGISTER_001" hash-for-method="testcase1">testcase1</a> <!-- method navigator-link -->
                      </span>
                      <br/>
                      <span>
                        <img width="3%" src="passed.png"/>
                        <a href="#" class="method navigator-link" panel-name="suite-Suite" title="com.DemoWebShop.tests.TC_SHOPPINGCART_011" hash-for-method="testcase11(9)">testcase11(9)</a> <!-- method navigator-link -->
                      </span>
                      <br/>
                      <span>
                        <img width="3%" src="passed.png"/>
                        <a href="#" class="method navigator-link" panel-name="suite-Suite" title="com.DemoWebShop.tests.TC_SHOPPINGCART_011" hash-for-method="testcase11(7)">testcase11(7)</a> <!-- method navigator-link -->
                      </span>
                      <br/>
                      <span>
                        <img width="3%" src="passed.png"/>
                        <a href="#" class="method navigator-link" panel-name="suite-Suite" title="com.DemoWebShop.tests.TC_SHOPPINGCART_012" hash-for-method="testcase12">testcase12</a> <!-- method navigator-link -->
                      </span>
                      <br/>
                      <span>
                        <img width="3%" src="passed.png"/>
                        <a href="#" class="method navigator-link" panel-name="suite-Suite" title="com.DemoWebShop.tests.TC_SHOPPINGCART_014" hash-for-method="testcase14">testcase14</a> <!-- method navigator-link -->
                      </span>
                      <br/>
                      <span>
                        <img width="3%" src="passed.png"/>
                        <a href="#" class="method navigator-link" panel-name="suite-Suite" title="com.DemoWebShop.tests.TC_REGISTER_002" hash-for-method="testcase2(**#$%%, Gopal, Deeksha@gmail.com, jvfifv, jvfifv)">testcase2(**#$%%, Gopal, Deeksha@gmail.com, jvfifv, jvfifv)</a> <!-- method navigator-link -->
                      </span>
                      <br/>
                      <span>
                        <img width="3%" src="passed.png"/>
                        <a href="#" class="method navigator-link" panel-name="suite-Suite" title="com.DemoWebShop.tests.TC_REGISTER_002" hash-for-method="testcase2(   %%#@%@%$^, Vashisht, Sandhya@gmail.com, vfhnjvf, vfhnjvf)">testcase2(   %%#@%@%$^, Vashisht, Sandhya@gmail.com, vfhnjvf, vfhnjvf)</a> <!-- method navigator-link -->
                      </span>
                      <br/>
                      <span>
                        <img width="3%" src="passed.png"/>
                        <a href="#" class="method navigator-link" panel-name="suite-Suite" title="com.DemoWebShop.tests.TC_REGISTER_004" hash-for-method="testcase4(Male)">testcase4(Male)</a> <!-- method navigator-link -->
                      </span>
                      <br/>
                      <span>
                        <img width="3%" src="passed.png"/>
                        <a href="#" class="method navigator-link" panel-name="suite-Suite" title="com.DemoWebShop.tests.TC_REGISTER_004" hash-for-method="testcase4(Female)">testcase4(Female)</a> <!-- method navigator-link -->
                      </span>
                      <br/>
                    </div> <!-- method-list-content passed suite-Suite -->
                  </li>
                </ul>
              </div> <!-- suite-section-content -->
            </div> <!-- result-section -->
          </div> <!-- navigator-suite-content -->
        </div> <!-- rounded-window -->
      </div> <!-- suite -->
    </div> <!-- navigator-root -->
    <div class="wrapper">
      <div class="main-panel-root">
        <div panel-name="suite-Suite" class="panel Suite">
          <div class="suite-Suite-class-failed">
            <div class="main-panel-header rounded-window-top">
              <img src="failed.png"/>
              <span class="class-name">com.DemoWebShop.tests.TC_LOGIN_008</span>
            </div> <!-- main-panel-header rounded-window-top -->
            <div class="main-panel-content rounded-window-bottom">
              <div class="method">
                <div class="method-content">
                  <a name="testCase8(lorelaig_coffee@gmail.com)">
                  </a> <!-- testCase8(lorelaig_coffee@gmail.com) -->
                  <span class="method-name">testCase8</span>
                  <span class="parameters">(lorelaig_coffee@gmail.com)</span>
                  <div class="stack-trace">org.openqa.selenium.NoSuchElementException: no such element: Unable to locate element: {&quot;method&quot;:&quot;xpath&quot;,&quot;selector&quot;:&quot;//a[@class=&apos;ico-logout&apos;]&quot;}
  (Session info: chrome=94.0.4606.81)
For documentation on this error, please visit: http://seleniumhq.org/exceptions/no_such_element.html
Build info: version: &apos;3.7.0&apos;, revision: &apos;2321c73&apos;, time: &apos;2017-11-02T22:12:12.411Z&apos;
System info: host: &apos;DESKTOP-C6FREFO&apos;, ip: &apos;192.168.207.18&apos;, os.name: &apos;Windows 10&apos;, os.arch: &apos;amd64&apos;, os.version: &apos;10.0&apos;, java.version: &apos;1.8.0_291&apos;
Driver info: org.openqa.selenium.chrome.ChromeDriver
Capabilities {acceptInsecureCerts: false, browserName: chrome, browserVersion: 94.0.4606.81, chrome: {chromedriverVersion: 94.0.4606.61 (418b78f5838ed..., userDataDir: C:\Users\YOGITA\AppData\Loc...}, goog:chromeOptions: {debuggerAddress: localhost:65316}, javascriptEnabled: true, networkConnectionEnabled: false, pageLoadStrategy: normal, platform: WINDOWS, platformName: WINDOWS, proxy: Proxy(), setWindowRect: true, strictFileInteractability: false, timeouts: {implicit: 0, pageLoad: 300000, script: 30000}, unhandledPromptBehavior: dismiss and notify, webauthn:extension:credBlob: true, webauthn:extension:largeBlob: true, webauthn:virtualAuthenticators: true}
Session ID: 41dbd7146feac7f8038583ede9d55778
*** Element info: {Using=xpath, value=//a[@class=&apos;ico-logout&apos;]}
	at org.openqa.selenium.remote.http.W3CHttpResponseCodec.createException(W3CHttpResponseCodec.java:187)
	at org.openqa.selenium.remote.http.W3CHttpResponseCodec.decode(W3CHttpResponseCodec.java:122)
	at org.openqa.selenium.remote.http.W3CHttpResponseCodec.decode(W3CHttpResponseCodec.java:49)
	at org.openqa.selenium.remote.HttpCommandExecutor.execute(HttpCommandExecutor.java:164)
	at org.openqa.selenium.remote.service.DriverCommandExecutor.execute(DriverCommandExecutor.java:83)
	at org.openqa.selenium.remote.RemoteWebDriver.execute(RemoteWebDriver.java:600)
	at org.openqa.selenium.remote.RemoteWebDriver.findElement(RemoteWebDriver.java:370)
	at org.openqa.selenium.remote.RemoteWebDriver.findElementByXPath(RemoteWebDriver.java:472)
	at org.openqa.selenium.By$ByXPath.findElement(By.java:361)
	at org.openqa.selenium.remote.RemoteWebDriver.findElement(RemoteWebDriver.java:362)
	at org.openqa.selenium.support.pagefactory.DefaultElementLocator.findElement(DefaultElementLocator.java:69)
	at org.openqa.selenium.support.pagefactory.internal.LocatingElementHandler.invoke(LocatingElementHandler.java:38)
	at com.sun.proxy.$Proxy13.isDisplayed(Unknown Source)
	at com.DemoWebShop.pages.DemoWebShopHomePage.Validate_Login(DemoWebShopHomePage.java:29)
	at com.DemoWebShop.tests.TC_LOGIN_008.testCase8(TC_LOGIN_008.java:37)
... Removed 27 stack frames
</div> <!-- stack-trace -->
                </div> <!-- method-content -->
              </div> <!-- method -->
              <div class="method">
                <div class="method-content">
                  <a name="testCase8(amazing.detective_genius@gmail.com)">
                  </a> <!-- testCase8(amazing.detective_genius@gmail.com) -->
                  <span class="method-name">testCase8</span>
                  <span class="parameters">(amazing.detective_genius@gmail.com)</span>
                  <div class="stack-trace">org.openqa.selenium.NoSuchElementException: no such element: Unable to locate element: {&quot;method&quot;:&quot;xpath&quot;,&quot;selector&quot;:&quot;//a[@class=&apos;ico-logout&apos;]&quot;}
  (Session info: chrome=94.0.4606.81)
For documentation on this error, please visit: http://seleniumhq.org/exceptions/no_such_element.html
Build info: version: &apos;3.7.0&apos;, revision: &apos;2321c73&apos;, time: &apos;2017-11-02T22:12:12.411Z&apos;
System info: host: &apos;DESKTOP-C6FREFO&apos;, ip: &apos;192.168.207.18&apos;, os.name: &apos;Windows 10&apos;, os.arch: &apos;amd64&apos;, os.version: &apos;10.0&apos;, java.version: &apos;1.8.0_291&apos;
Driver info: org.openqa.selenium.chrome.ChromeDriver
Capabilities {acceptInsecureCerts: false, browserName: chrome, browserVersion: 94.0.4606.81, chrome: {chromedriverVersion: 94.0.4606.61 (418b78f5838ed..., userDataDir: C:\Users\YOGITA\AppData\Loc...}, goog:chromeOptions: {debuggerAddress: localhost:65316}, javascriptEnabled: true, networkConnectionEnabled: false, pageLoadStrategy: normal, platform: WINDOWS, platformName: WINDOWS, proxy: Proxy(), setWindowRect: true, strictFileInteractability: false, timeouts: {implicit: 0, pageLoad: 300000, script: 30000}, unhandledPromptBehavior: dismiss and notify, webauthn:extension:credBlob: true, webauthn:extension:largeBlob: true, webauthn:virtualAuthenticators: true}
Session ID: 41dbd7146feac7f8038583ede9d55778
*** Element info: {Using=xpath, value=//a[@class=&apos;ico-logout&apos;]}
	at org.openqa.selenium.remote.http.W3CHttpResponseCodec.createException(W3CHttpResponseCodec.java:187)
	at org.openqa.selenium.remote.http.W3CHttpResponseCodec.decode(W3CHttpResponseCodec.java:122)
	at org.openqa.selenium.remote.http.W3CHttpResponseCodec.decode(W3CHttpResponseCodec.java:49)
	at org.openqa.selenium.remote.HttpCommandExecutor.execute(HttpCommandExecutor.java:164)
	at org.openqa.selenium.remote.service.DriverCommandExecutor.execute(DriverCommandExecutor.java:83)
	at org.openqa.selenium.remote.RemoteWebDriver.execute(RemoteWebDriver.java:600)
	at org.openqa.selenium.remote.RemoteWebDriver.findElement(RemoteWebDriver.java:370)
	at org.openqa.selenium.remote.RemoteWebDriver.findElementByXPath(RemoteWebDriver.java:472)
	at org.openqa.selenium.By$ByXPath.findElement(By.java:361)
	at org.openqa.selenium.remote.RemoteWebDriver.findElement(RemoteWebDriver.java:362)
	at org.openqa.selenium.support.pagefactory.DefaultElementLocator.findElement(DefaultElementLocator.java:69)
	at org.openqa.selenium.support.pagefactory.internal.LocatingElementHandler.invoke(LocatingElementHandler.java:38)
	at com.sun.proxy.$Proxy13.isDisplayed(Unknown Source)
	at com.DemoWebShop.pages.DemoWebShopHomePage.Validate_Login(DemoWebShopHomePage.java:29)
	at com.DemoWebShop.tests.TC_LOGIN_008.testCase8(TC_LOGIN_008.java:37)
... Removed 27 stack frames
</div> <!-- stack-trace -->
                </div> <!-- method-content -->
              </div> <!-- method -->
              <div class="method">
                <div class="method-content">
                  <a name="testCase8(emilyisTheMeanest@hartford.com)">
                  </a> <!-- testCase8(emilyisTheMeanest@hartford.com) -->
                  <span class="method-name">testCase8</span>
                  <span class="parameters">(emilyisTheMeanest@hartford.com)</span>
                  <div class="stack-trace">org.openqa.selenium.NoSuchElementException: no such element: Unable to locate element: {&quot;method&quot;:&quot;xpath&quot;,&quot;selector&quot;:&quot;//a[@class=&apos;ico-logout&apos;]&quot;}
  (Session info: chrome=94.0.4606.81)
For documentation on this error, please visit: http://seleniumhq.org/exceptions/no_such_element.html
Build info: version: &apos;3.7.0&apos;, revision: &apos;2321c73&apos;, time: &apos;2017-11-02T22:12:12.411Z&apos;
System info: host: &apos;DESKTOP-C6FREFO&apos;, ip: &apos;192.168.207.18&apos;, os.name: &apos;Windows 10&apos;, os.arch: &apos;amd64&apos;, os.version: &apos;10.0&apos;, java.version: &apos;1.8.0_291&apos;
Driver info: org.openqa.selenium.chrome.ChromeDriver
Capabilities {acceptInsecureCerts: false, browserName: chrome, browserVersion: 94.0.4606.81, chrome: {chromedriverVersion: 94.0.4606.61 (418b78f5838ed..., userDataDir: C:\Users\YOGITA\AppData\Loc...}, goog:chromeOptions: {debuggerAddress: localhost:65316}, javascriptEnabled: true, networkConnectionEnabled: false, pageLoadStrategy: normal, platform: WINDOWS, platformName: WINDOWS, proxy: Proxy(), setWindowRect: true, strictFileInteractability: false, timeouts: {implicit: 0, pageLoad: 300000, script: 30000}, unhandledPromptBehavior: dismiss and notify, webauthn:extension:credBlob: true, webauthn:extension:largeBlob: true, webauthn:virtualAuthenticators: true}
Session ID: 41dbd7146feac7f8038583ede9d55778
*** Element info: {Using=xpath, value=//a[@class=&apos;ico-logout&apos;]}
	at org.openqa.selenium.remote.http.W3CHttpResponseCodec.createException(W3CHttpResponseCodec.java:187)
	at org.openqa.selenium.remote.http.W3CHttpResponseCodec.decode(W3CHttpResponseCodec.java:122)
	at org.openqa.selenium.remote.http.W3CHttpResponseCodec.decode(W3CHttpResponseCodec.java:49)
	at org.openqa.selenium.remote.HttpCommandExecutor.execute(HttpCommandExecutor.java:164)
	at org.openqa.selenium.remote.service.DriverCommandExecutor.execute(DriverCommandExecutor.java:83)
	at org.openqa.selenium.remote.RemoteWebDriver.execute(RemoteWebDriver.java:600)
	at org.openqa.selenium.remote.RemoteWebDriver.findElement(RemoteWebDriver.java:370)
	at org.openqa.selenium.remote.RemoteWebDriver.findElementByXPath(RemoteWebDriver.java:472)
	at org.openqa.selenium.By$ByXPath.findElement(By.java:361)
	at org.openqa.selenium.remote.RemoteWebDriver.findElement(RemoteWebDriver.java:362)
	at org.openqa.selenium.support.pagefactory.DefaultElementLocator.findElement(DefaultElementLocator.java:69)
	at org.openqa.selenium.support.pagefactory.internal.LocatingElementHandler.invoke(LocatingElementHandler.java:38)
	at com.sun.proxy.$Proxy13.isDisplayed(Unknown Source)
	at com.DemoWebShop.pages.DemoWebShopHomePage.Validate_Login(DemoWebShopHomePage.java:29)
	at com.DemoWebShop.tests.TC_LOGIN_008.testCase8(TC_LOGIN_008.java:37)
... Removed 27 stack frames
</div> <!-- stack-trace -->
                </div> <!-- method-content -->
              </div> <!-- method -->
            </div> <!-- main-panel-content rounded-window-bottom -->
          </div> <!-- suite-Suite-class-failed -->
          <div class="suite-Suite-class-failed">
            <div class="main-panel-header rounded-window-top">
              <img src="failed.png"/>
              <span class="class-name">com.DemoWebShop.tests.TC_SHOPPINGCART_010</span>
            </div> <!-- main-panel-header rounded-window-top -->
            <div class="main-panel-content rounded-window-bottom">
              <div class="method">
                <div class="method-content">
                  <a name="testcase10">
                  </a> <!-- testcase10 -->
                  <span class="method-name">testcase10</span>
                  <div class="stack-trace">org.openqa.selenium.NoSuchElementException: no such element: Unable to locate element: {&quot;method&quot;:&quot;xpath&quot;,&quot;selector&quot;:&quot;(//a[contains(text(),&apos;Fiction&apos;)])[2]&quot;}
  (Session info: chrome=94.0.4606.81)
For documentation on this error, please visit: http://seleniumhq.org/exceptions/no_such_element.html
Build info: version: &apos;3.7.0&apos;, revision: &apos;2321c73&apos;, time: &apos;2017-11-02T22:12:12.411Z&apos;
System info: host: &apos;DESKTOP-C6FREFO&apos;, ip: &apos;192.168.207.18&apos;, os.name: &apos;Windows 10&apos;, os.arch: &apos;amd64&apos;, os.version: &apos;10.0&apos;, java.version: &apos;1.8.0_291&apos;
Driver info: org.openqa.selenium.chrome.ChromeDriver
Capabilities {acceptInsecureCerts: false, browserName: chrome, browserVersion: 94.0.4606.81, chrome: {chromedriverVersion: 94.0.4606.61 (418b78f5838ed..., userDataDir: C:\Users\YOGITA\AppData\Loc...}, goog:chromeOptions: {debuggerAddress: localhost:56682}, javascriptEnabled: true, networkConnectionEnabled: false, pageLoadStrategy: normal, platform: WINDOWS, platformName: WINDOWS, proxy: Proxy(), setWindowRect: true, strictFileInteractability: false, timeouts: {implicit: 0, pageLoad: 300000, script: 30000}, unhandledPromptBehavior: dismiss and notify, webauthn:extension:credBlob: true, webauthn:extension:largeBlob: true, webauthn:virtualAuthenticators: true}
Session ID: 1c53d36b8bd993eb6bbff91ef1c400f0
*** Element info: {Using=xpath, value=(//a[contains(text(),&apos;Fiction&apos;)])[2]}
	at org.openqa.selenium.remote.http.W3CHttpResponseCodec.createException(W3CHttpResponseCodec.java:187)
	at org.openqa.selenium.remote.http.W3CHttpResponseCodec.decode(W3CHttpResponseCodec.java:122)
	at org.openqa.selenium.remote.http.W3CHttpResponseCodec.decode(W3CHttpResponseCodec.java:49)
	at org.openqa.selenium.remote.HttpCommandExecutor.execute(HttpCommandExecutor.java:164)
	at org.openqa.selenium.remote.service.DriverCommandExecutor.execute(DriverCommandExecutor.java:83)
	at org.openqa.selenium.remote.RemoteWebDriver.execute(RemoteWebDriver.java:600)
	at org.openqa.selenium.remote.RemoteWebDriver.findElement(RemoteWebDriver.java:370)
	at org.openqa.selenium.remote.RemoteWebDriver.findElementByXPath(RemoteWebDriver.java:472)
	at org.openqa.selenium.By$ByXPath.findElement(By.java:361)
	at org.openqa.selenium.remote.RemoteWebDriver.findElement(RemoteWebDriver.java:362)
	at org.openqa.selenium.support.pagefactory.DefaultElementLocator.findElement(DefaultElementLocator.java:69)
	at org.openqa.selenium.support.pagefactory.internal.LocatingElementHandler.invoke(LocatingElementHandler.java:38)
	at com.sun.proxy.$Proxy13.isDisplayed(Unknown Source)
	at com.DemoWebShop.pages.DemoWebShopCartPage.compare_Product(DemoWebShopCartPage.java:22)
	at com.DemoWebShop.tests.TC_SHOPPINGCART_010.testcase10(TC_SHOPPINGCART_010.java:23)
... Removed 27 stack frames
</div> <!-- stack-trace -->
                </div> <!-- method-content -->
              </div> <!-- method -->
            </div> <!-- main-panel-content rounded-window-bottom -->
          </div> <!-- suite-Suite-class-failed -->
          <div class="suite-Suite-class-failed">
            <div class="main-panel-header rounded-window-top">
              <img src="failed.png"/>
              <span class="class-name">com.DemoWebShop.tests.TC_LOGIN_009</span>
            </div> <!-- main-panel-header rounded-window-top -->
            <div class="main-panel-content rounded-window-bottom">
              <div class="method">
                <div class="method-content">
                  <a name="testCase9(emilyisThet@hartford.com, EmilyRicha)">
                  </a> <!-- testCase9(emilyisThet@hartford.com, EmilyRicha) -->
                  <span class="method-name">testCase9</span>
                  <span class="parameters">(emilyisThet@hartford.com, EmilyRicha)</span>
                  <div class="stack-trace">org.openqa.selenium.NoSuchElementException: no such element: Unable to locate element: {&quot;method&quot;:&quot;xpath&quot;,&quot;selector&quot;:&quot;//a[@class=&apos;ico-logout&apos;]&quot;}
  (Session info: chrome=94.0.4606.81)
For documentation on this error, please visit: http://seleniumhq.org/exceptions/no_such_element.html
Build info: version: &apos;3.7.0&apos;, revision: &apos;2321c73&apos;, time: &apos;2017-11-02T22:12:12.411Z&apos;
System info: host: &apos;DESKTOP-C6FREFO&apos;, ip: &apos;192.168.207.18&apos;, os.name: &apos;Windows 10&apos;, os.arch: &apos;amd64&apos;, os.version: &apos;10.0&apos;, java.version: &apos;1.8.0_291&apos;
Driver info: org.openqa.selenium.chrome.ChromeDriver
Capabilities {acceptInsecureCerts: false, browserName: chrome, browserVersion: 94.0.4606.81, chrome: {chromedriverVersion: 94.0.4606.61 (418b78f5838ed..., userDataDir: C:\Users\YOGITA\AppData\Loc...}, goog:chromeOptions: {debuggerAddress: localhost:59466}, javascriptEnabled: true, networkConnectionEnabled: false, pageLoadStrategy: normal, platform: WINDOWS, platformName: WINDOWS, proxy: Proxy(), setWindowRect: true, strictFileInteractability: false, timeouts: {implicit: 0, pageLoad: 300000, script: 30000}, unhandledPromptBehavior: dismiss and notify, webauthn:extension:credBlob: true, webauthn:extension:largeBlob: true, webauthn:virtualAuthenticators: true}
Session ID: fe10712f6694d92c900c4c4aa498927f
*** Element info: {Using=xpath, value=//a[@class=&apos;ico-logout&apos;]}
	at org.openqa.selenium.remote.http.W3CHttpResponseCodec.createException(W3CHttpResponseCodec.java:187)
	at org.openqa.selenium.remote.http.W3CHttpResponseCodec.decode(W3CHttpResponseCodec.java:122)
	at org.openqa.selenium.remote.http.W3CHttpResponseCodec.decode(W3CHttpResponseCodec.java:49)
	at org.openqa.selenium.remote.HttpCommandExecutor.execute(HttpCommandExecutor.java:164)
	at org.openqa.selenium.remote.service.DriverCommandExecutor.execute(DriverCommandExecutor.java:83)
	at org.openqa.selenium.remote.RemoteWebDriver.execute(RemoteWebDriver.java:600)
	at org.openqa.selenium.remote.RemoteWebDriver.findElement(RemoteWebDriver.java:370)
	at org.openqa.selenium.remote.RemoteWebDriver.findElementByXPath(RemoteWebDriver.java:472)
	at org.openqa.selenium.By$ByXPath.findElement(By.java:361)
	at org.openqa.selenium.remote.RemoteWebDriver.findElement(RemoteWebDriver.java:362)
	at org.openqa.selenium.support.pagefactory.DefaultElementLocator.findElement(DefaultElementLocator.java:69)
	at org.openqa.selenium.support.pagefactory.internal.LocatingElementHandler.invoke(LocatingElementHandler.java:38)
	at com.sun.proxy.$Proxy13.isDisplayed(Unknown Source)
	at com.DemoWebShop.pages.DemoWebShopHomePage.Validate_Login(DemoWebShopHomePage.java:29)
	at com.DemoWebShop.tests.TC_LOGIN_009.testCase9(TC_LOGIN_009.java:37)
... Removed 27 stack frames
</div> <!-- stack-trace -->
                </div> <!-- method-content -->
              </div> <!-- method -->
              <div class="method">
                <div class="method-content">
                  <a name="testCase9(amazing.detee_genius@gmail.com, dieHar)">
                  </a> <!-- testCase9(amazing.detee_genius@gmail.com, dieHar) -->
                  <span class="method-name">testCase9</span>
                  <span class="parameters">(amazing.detee_genius@gmail.com, dieHar)</span>
                  <div class="stack-trace">org.openqa.selenium.NoSuchElementException: no such element: Unable to locate element: {&quot;method&quot;:&quot;xpath&quot;,&quot;selector&quot;:&quot;//a[@class=&apos;ico-logout&apos;]&quot;}
  (Session info: chrome=94.0.4606.81)
For documentation on this error, please visit: http://seleniumhq.org/exceptions/no_such_element.html
Build info: version: &apos;3.7.0&apos;, revision: &apos;2321c73&apos;, time: &apos;2017-11-02T22:12:12.411Z&apos;
System info: host: &apos;DESKTOP-C6FREFO&apos;, ip: &apos;192.168.207.18&apos;, os.name: &apos;Windows 10&apos;, os.arch: &apos;amd64&apos;, os.version: &apos;10.0&apos;, java.version: &apos;1.8.0_291&apos;
Driver info: org.openqa.selenium.chrome.ChromeDriver
Capabilities {acceptInsecureCerts: false, browserName: chrome, browserVersion: 94.0.4606.81, chrome: {chromedriverVersion: 94.0.4606.61 (418b78f5838ed..., userDataDir: C:\Users\YOGITA\AppData\Loc...}, goog:chromeOptions: {debuggerAddress: localhost:59466}, javascriptEnabled: true, networkConnectionEnabled: false, pageLoadStrategy: normal, platform: WINDOWS, platformName: WINDOWS, proxy: Proxy(), setWindowRect: true, strictFileInteractability: false, timeouts: {implicit: 0, pageLoad: 300000, script: 30000}, unhandledPromptBehavior: dismiss and notify, webauthn:extension:credBlob: true, webauthn:extension:largeBlob: true, webauthn:virtualAuthenticators: true}
Session ID: fe10712f6694d92c900c4c4aa498927f
*** Element info: {Using=xpath, value=//a[@class=&apos;ico-logout&apos;]}
	at org.openqa.selenium.remote.http.W3CHttpResponseCodec.createException(W3CHttpResponseCodec.java:187)
	at org.openqa.selenium.remote.http.W3CHttpResponseCodec.decode(W3CHttpResponseCodec.java:122)
	at org.openqa.selenium.remote.http.W3CHttpResponseCodec.decode(W3CHttpResponseCodec.java:49)
	at org.openqa.selenium.remote.HttpCommandExecutor.execute(HttpCommandExecutor.java:164)
	at org.openqa.selenium.remote.service.DriverCommandExecutor.execute(DriverCommandExecutor.java:83)
	at org.openqa.selenium.remote.RemoteWebDriver.execute(RemoteWebDriver.java:600)
	at org.openqa.selenium.remote.RemoteWebDriver.findElement(RemoteWebDriver.java:370)
	at org.openqa.selenium.remote.RemoteWebDriver.findElementByXPath(RemoteWebDriver.java:472)
	at org.openqa.selenium.By$ByXPath.findElement(By.java:361)
	at org.openqa.selenium.remote.RemoteWebDriver.findElement(RemoteWebDriver.java:362)
	at org.openqa.selenium.support.pagefactory.DefaultElementLocator.findElement(DefaultElementLocator.java:69)
	at org.openqa.selenium.support.pagefactory.internal.LocatingElementHandler.invoke(LocatingElementHandler.java:38)
	at com.sun.proxy.$Proxy13.isDisplayed(Unknown Source)
	at com.DemoWebShop.pages.DemoWebShopHomePage.Validate_Login(DemoWebShopHomePage.java:29)
	at com.DemoWebShop.tests.TC_LOGIN_009.testCase9(TC_LOGIN_009.java:37)
... Removed 27 stack frames
</div> <!-- stack-trace -->
                </div> <!-- method-content -->
              </div> <!-- method -->
              <div class="method">
                <div class="method-content">
                  <a name="testCase9(lorelaig_co@gmail.com, lukelore)">
                  </a> <!-- testCase9(lorelaig_co@gmail.com, lukelore) -->
                  <span class="method-name">testCase9</span>
                  <span class="parameters">(lorelaig_co@gmail.com, lukelore)</span>
                  <div class="stack-trace">org.openqa.selenium.NoSuchElementException: no such element: Unable to locate element: {&quot;method&quot;:&quot;xpath&quot;,&quot;selector&quot;:&quot;//a[@class=&apos;ico-logout&apos;]&quot;}
  (Session info: chrome=94.0.4606.81)
For documentation on this error, please visit: http://seleniumhq.org/exceptions/no_such_element.html
Build info: version: &apos;3.7.0&apos;, revision: &apos;2321c73&apos;, time: &apos;2017-11-02T22:12:12.411Z&apos;
System info: host: &apos;DESKTOP-C6FREFO&apos;, ip: &apos;192.168.207.18&apos;, os.name: &apos;Windows 10&apos;, os.arch: &apos;amd64&apos;, os.version: &apos;10.0&apos;, java.version: &apos;1.8.0_291&apos;
Driver info: org.openqa.selenium.chrome.ChromeDriver
Capabilities {acceptInsecureCerts: false, browserName: chrome, browserVersion: 94.0.4606.81, chrome: {chromedriverVersion: 94.0.4606.61 (418b78f5838ed..., userDataDir: C:\Users\YOGITA\AppData\Loc...}, goog:chromeOptions: {debuggerAddress: localhost:59466}, javascriptEnabled: true, networkConnectionEnabled: false, pageLoadStrategy: normal, platform: WINDOWS, platformName: WINDOWS, proxy: Proxy(), setWindowRect: true, strictFileInteractability: false, timeouts: {implicit: 0, pageLoad: 300000, script: 30000}, unhandledPromptBehavior: dismiss and notify, webauthn:extension:credBlob: true, webauthn:extension:largeBlob: true, webauthn:virtualAuthenticators: true}
Session ID: fe10712f6694d92c900c4c4aa498927f
*** Element info: {Using=xpath, value=//a[@class=&apos;ico-logout&apos;]}
	at org.openqa.selenium.remote.http.W3CHttpResponseCodec.createException(W3CHttpResponseCodec.java:187)
	at org.openqa.selenium.remote.http.W3CHttpResponseCodec.decode(W3CHttpResponseCodec.java:122)
	at org.openqa.selenium.remote.http.W3CHttpResponseCodec.decode(W3CHttpResponseCodec.java:49)
	at org.openqa.selenium.remote.HttpCommandExecutor.execute(HttpCommandExecutor.java:164)
	at org.openqa.selenium.remote.service.DriverCommandExecutor.execute(DriverCommandExecutor.java:83)
	at org.openqa.selenium.remote.RemoteWebDriver.execute(RemoteWebDriver.java:600)
	at org.openqa.selenium.remote.RemoteWebDriver.findElement(RemoteWebDriver.java:370)
	at org.openqa.selenium.remote.RemoteWebDriver.findElementByXPath(RemoteWebDriver.java:472)
	at org.openqa.selenium.By$ByXPath.findElement(By.java:361)
	at org.openqa.selenium.remote.RemoteWebDriver.findElement(RemoteWebDriver.java:362)
	at org.openqa.selenium.support.pagefactory.DefaultElementLocator.findElement(DefaultElementLocator.java:69)
	at org.openqa.selenium.support.pagefactory.internal.LocatingElementHandler.invoke(LocatingElementHandler.java:38)
	at com.sun.proxy.$Proxy13.isDisplayed(Unknown Source)
	at com.DemoWebShop.pages.DemoWebShopHomePage.Validate_Login(DemoWebShopHomePage.java:29)
	at com.DemoWebShop.tests.TC_LOGIN_009.testCase9(TC_LOGIN_009.java:37)
... Removed 27 stack frames
</div> <!-- stack-trace -->
                </div> <!-- method-content -->
              </div> <!-- method -->
            </div> <!-- main-panel-content rounded-window-bottom -->
          </div> <!-- suite-Suite-class-failed -->
          <div class="suite-Suite-class-failed">
            <div class="main-panel-header rounded-window-top">
              <img src="failed.png"/>
              <span class="class-name">com.DemoWebShop.tests.TC_REGISTER_003</span>
            </div> <!-- main-panel-header rounded-window-top -->
            <div class="main-panel-content rounded-window-bottom">
              <div class="method">
                <div class="method-content">
                  <a name="testcase3(vhbfu33489, Gopal, DeekshaVnfj@gmail.com, jvfifv, jvfifv)">
                  </a> <!-- testcase3(vhbfu33489, Gopal, DeekshaVnfj@gmail.com, jvfifv, jvfifv) -->
                  <span class="method-name">testcase3</span>
                  <span class="parameters">(vhbfu33489, Gopal, DeekshaVnfj@gmail.com, jvfifv, jvfifv)</span>
                  <div class="stack-trace">org.openqa.selenium.NoSuchElementException: no such element: Unable to locate element: {&quot;method&quot;:&quot;xpath&quot;,&quot;selector&quot;:&quot;//a[@class=&apos;ico-logout&apos;]&quot;}
  (Session info: chrome=94.0.4606.81)
For documentation on this error, please visit: http://seleniumhq.org/exceptions/no_such_element.html
Build info: version: &apos;3.7.0&apos;, revision: &apos;2321c73&apos;, time: &apos;2017-11-02T22:12:12.411Z&apos;
System info: host: &apos;DESKTOP-C6FREFO&apos;, ip: &apos;192.168.207.18&apos;, os.name: &apos;Windows 10&apos;, os.arch: &apos;amd64&apos;, os.version: &apos;10.0&apos;, java.version: &apos;1.8.0_291&apos;
Driver info: org.openqa.selenium.chrome.ChromeDriver
Capabilities {acceptInsecureCerts: false, browserName: chrome, browserVersion: 94.0.4606.81, chrome: {chromedriverVersion: 94.0.4606.61 (418b78f5838ed..., userDataDir: C:\Users\YOGITA\AppData\Loc...}, goog:chromeOptions: {debuggerAddress: localhost:57464}, javascriptEnabled: true, networkConnectionEnabled: false, pageLoadStrategy: normal, platform: WINDOWS, platformName: WINDOWS, proxy: Proxy(), setWindowRect: true, strictFileInteractability: false, timeouts: {implicit: 0, pageLoad: 300000, script: 30000}, unhandledPromptBehavior: dismiss and notify, webauthn:extension:credBlob: true, webauthn:extension:largeBlob: true, webauthn:virtualAuthenticators: true}
Session ID: 00d3cafb83c5826e45819acbd447a4f6
*** Element info: {Using=xpath, value=//a[@class=&apos;ico-logout&apos;]}
	at org.openqa.selenium.remote.http.W3CHttpResponseCodec.createException(W3CHttpResponseCodec.java:187)
	at org.openqa.selenium.remote.http.W3CHttpResponseCodec.decode(W3CHttpResponseCodec.java:122)
	at org.openqa.selenium.remote.http.W3CHttpResponseCodec.decode(W3CHttpResponseCodec.java:49)
	at org.openqa.selenium.remote.HttpCommandExecutor.execute(HttpCommandExecutor.java:164)
	at org.openqa.selenium.remote.service.DriverCommandExecutor.execute(DriverCommandExecutor.java:83)
	at org.openqa.selenium.remote.RemoteWebDriver.execute(RemoteWebDriver.java:600)
	at org.openqa.selenium.remote.RemoteWebDriver.findElement(RemoteWebDriver.java:370)
	at org.openqa.selenium.remote.RemoteWebDriver.findElementByXPath(RemoteWebDriver.java:472)
	at org.openqa.selenium.By$ByXPath.findElement(By.java:361)
	at org.openqa.selenium.remote.RemoteWebDriver.findElement(RemoteWebDriver.java:362)
	at org.openqa.selenium.support.pagefactory.DefaultElementLocator.findElement(DefaultElementLocator.java:69)
	at org.openqa.selenium.support.pagefactory.internal.LocatingElementHandler.invoke(LocatingElementHandler.java:38)
	at com.sun.proxy.$Proxy13.isDisplayed(Unknown Source)
	at com.DemoWebShop.pages.DemoWebShopHomePage.Validate_Login(DemoWebShopHomePage.java:29)
	at com.DemoWebShop.tests.TC_REGISTER_003.testcase3(TC_REGISTER_003.java:41)
... Removed 27 stack frames
</div> <!-- stack-trace -->
                </div> <!-- method-content -->
              </div> <!-- method -->
              <div class="method">
                <div class="method-content">
                  <a name="testcase3(   nsdniwjq12e329884, Vashisht, SandhyaSfvfrkj@gmail.com, vfhnjvf, vfhnjvf)">
                  </a> <!-- testcase3(   nsdniwjq12e329884, Vashisht, SandhyaSfvfrkj@gmail.com, vfhnjvf, vfhnjvf) -->
                  <span class="method-name">testcase3</span>
                  <span class="parameters">(   nsdniwjq12e329884, Vashisht, SandhyaSfvfrkj@gmail.com, vfhnjvf, vfhnjvf)</span>
                  <div class="stack-trace">org.openqa.selenium.NoSuchElementException: no such element: Unable to locate element: {&quot;method&quot;:&quot;xpath&quot;,&quot;selector&quot;:&quot;//a[@class=&apos;ico-logout&apos;]&quot;}
  (Session info: chrome=94.0.4606.81)
For documentation on this error, please visit: http://seleniumhq.org/exceptions/no_such_element.html
Build info: version: &apos;3.7.0&apos;, revision: &apos;2321c73&apos;, time: &apos;2017-11-02T22:12:12.411Z&apos;
System info: host: &apos;DESKTOP-C6FREFO&apos;, ip: &apos;192.168.207.18&apos;, os.name: &apos;Windows 10&apos;, os.arch: &apos;amd64&apos;, os.version: &apos;10.0&apos;, java.version: &apos;1.8.0_291&apos;
Driver info: org.openqa.selenium.chrome.ChromeDriver
Capabilities {acceptInsecureCerts: false, browserName: chrome, browserVersion: 94.0.4606.81, chrome: {chromedriverVersion: 94.0.4606.61 (418b78f5838ed..., userDataDir: C:\Users\YOGITA\AppData\Loc...}, goog:chromeOptions: {debuggerAddress: localhost:57464}, javascriptEnabled: true, networkConnectionEnabled: false, pageLoadStrategy: normal, platform: WINDOWS, platformName: WINDOWS, proxy: Proxy(), setWindowRect: true, strictFileInteractability: false, timeouts: {implicit: 0, pageLoad: 300000, script: 30000}, unhandledPromptBehavior: dismiss and notify, webauthn:extension:credBlob: true, webauthn:extension:largeBlob: true, webauthn:virtualAuthenticators: true}
Session ID: 00d3cafb83c5826e45819acbd447a4f6
*** Element info: {Using=xpath, value=//a[@class=&apos;ico-logout&apos;]}
	at org.openqa.selenium.remote.http.W3CHttpResponseCodec.createException(W3CHttpResponseCodec.java:187)
	at org.openqa.selenium.remote.http.W3CHttpResponseCodec.decode(W3CHttpResponseCodec.java:122)
	at org.openqa.selenium.remote.http.W3CHttpResponseCodec.decode(W3CHttpResponseCodec.java:49)
	at org.openqa.selenium.remote.HttpCommandExecutor.execute(HttpCommandExecutor.java:164)
	at org.openqa.selenium.remote.service.DriverCommandExecutor.execute(DriverCommandExecutor.java:83)
	at org.openqa.selenium.remote.RemoteWebDriver.execute(RemoteWebDriver.java:600)
	at org.openqa.selenium.remote.RemoteWebDriver.findElement(RemoteWebDriver.java:370)
	at org.openqa.selenium.remote.RemoteWebDriver.findElementByXPath(RemoteWebDriver.java:472)
	at org.openqa.selenium.By$ByXPath.findElement(By.java:361)
	at org.openqa.selenium.remote.RemoteWebDriver.findElement(RemoteWebDriver.java:362)
	at org.openqa.selenium.support.pagefactory.DefaultElementLocator.findElement(DefaultElementLocator.java:69)
	at org.openqa.selenium.support.pagefactory.internal.LocatingElementHandler.invoke(LocatingElementHandler.java:38)
	at com.sun.proxy.$Proxy13.isDisplayed(Unknown Source)
	at com.DemoWebShop.pages.DemoWebShopHomePage.Validate_Login(DemoWebShopHomePage.java:29)
	at com.DemoWebShop.tests.TC_REGISTER_003.testcase3(TC_REGISTER_003.java:41)
... Removed 27 stack frames
</div> <!-- stack-trace -->
                </div> <!-- method-content -->
              </div> <!-- method -->
            </div> <!-- main-panel-content rounded-window-bottom -->
          </div> <!-- suite-Suite-class-failed -->
          <div class="suite-Suite-class-failed">
            <div class="main-panel-header rounded-window-top">
              <img src="failed.png"/>
              <span class="class-name">com.DemoWebShop.tests.TC_LOGIN_005</span>
            </div> <!-- main-panel-header rounded-window-top -->
            <div class="main-panel-content rounded-window-bottom">
              <div class="method">
                <div class="method-content">
                  <a name="testcase5(lorelaig_coffee@gmail.com, lukelorel)">
                  </a> <!-- testcase5(lorelaig_coffee@gmail.com, lukelorel) -->
                  <span class="method-name">testcase5</span>
                  <span class="parameters">(lorelaig_coffee@gmail.com, lukelorel)</span>
                  <div class="stack-trace">org.openqa.selenium.NoSuchElementException: no such element: Unable to locate element: {&quot;method&quot;:&quot;xpath&quot;,&quot;selector&quot;:&quot;//a[@class=&apos;ico-logout&apos;]&quot;}
  (Session info: chrome=94.0.4606.81)
For documentation on this error, please visit: http://seleniumhq.org/exceptions/no_such_element.html
Build info: version: &apos;3.7.0&apos;, revision: &apos;2321c73&apos;, time: &apos;2017-11-02T22:12:12.411Z&apos;
System info: host: &apos;DESKTOP-C6FREFO&apos;, ip: &apos;192.168.207.18&apos;, os.name: &apos;Windows 10&apos;, os.arch: &apos;amd64&apos;, os.version: &apos;10.0&apos;, java.version: &apos;1.8.0_291&apos;
Driver info: org.openqa.selenium.chrome.ChromeDriver
Capabilities {acceptInsecureCerts: false, browserName: chrome, browserVersion: 94.0.4606.81, chrome: {chromedriverVersion: 94.0.4606.61 (418b78f5838ed..., userDataDir: C:\Users\YOGITA\AppData\Loc...}, goog:chromeOptions: {debuggerAddress: localhost:52588}, javascriptEnabled: true, networkConnectionEnabled: false, pageLoadStrategy: normal, platform: WINDOWS, platformName: WINDOWS, proxy: Proxy(), setWindowRect: true, strictFileInteractability: false, timeouts: {implicit: 0, pageLoad: 300000, script: 30000}, unhandledPromptBehavior: dismiss and notify, webauthn:extension:credBlob: true, webauthn:extension:largeBlob: true, webauthn:virtualAuthenticators: true}
Session ID: a31d7324ec080c63918ca54e0a3bdd77
*** Element info: {Using=xpath, value=//a[@class=&apos;ico-logout&apos;]}
	at org.openqa.selenium.remote.http.W3CHttpResponseCodec.createException(W3CHttpResponseCodec.java:187)
	at org.openqa.selenium.remote.http.W3CHttpResponseCodec.decode(W3CHttpResponseCodec.java:122)
	at org.openqa.selenium.remote.http.W3CHttpResponseCodec.decode(W3CHttpResponseCodec.java:49)
	at org.openqa.selenium.remote.HttpCommandExecutor.execute(HttpCommandExecutor.java:164)
	at org.openqa.selenium.remote.service.DriverCommandExecutor.execute(DriverCommandExecutor.java:83)
	at org.openqa.selenium.remote.RemoteWebDriver.execute(RemoteWebDriver.java:600)
	at org.openqa.selenium.remote.RemoteWebDriver.findElement(RemoteWebDriver.java:370)
	at org.openqa.selenium.remote.RemoteWebDriver.findElementByXPath(RemoteWebDriver.java:472)
	at org.openqa.selenium.By$ByXPath.findElement(By.java:361)
	at org.openqa.selenium.remote.RemoteWebDriver.findElement(RemoteWebDriver.java:362)
	at org.openqa.selenium.support.pagefactory.DefaultElementLocator.findElement(DefaultElementLocator.java:69)
	at org.openqa.selenium.support.pagefactory.internal.LocatingElementHandler.invoke(LocatingElementHandler.java:38)
	at com.sun.proxy.$Proxy13.isDisplayed(Unknown Source)
	at com.DemoWebShop.pages.DemoWebShopHomePage.Validate_Login(DemoWebShopHomePage.java:29)
	at com.DemoWebShop.tests.TC_LOGIN_005.testcase5(TC_LOGIN_005.java:37)
... Removed 27 stack frames
</div> <!-- stack-trace -->
                </div> <!-- method-content -->
              </div> <!-- method -->
              <div class="method">
                <div class="method-content">
                  <a name="testcase5(amazing.detective_genius@gmail.com, London)">
                  </a> <!-- testcase5(amazing.detective_genius@gmail.com, London) -->
                  <span class="method-name">testcase5</span>
                  <span class="parameters">(amazing.detective_genius@gmail.com, London)</span>
                  <div class="stack-trace">org.openqa.selenium.NoSuchElementException: no such element: Unable to locate element: {&quot;method&quot;:&quot;xpath&quot;,&quot;selector&quot;:&quot;//a[@class=&apos;ico-logout&apos;]&quot;}
  (Session info: chrome=94.0.4606.81)
For documentation on this error, please visit: http://seleniumhq.org/exceptions/no_such_element.html
Build info: version: &apos;3.7.0&apos;, revision: &apos;2321c73&apos;, time: &apos;2017-11-02T22:12:12.411Z&apos;
System info: host: &apos;DESKTOP-C6FREFO&apos;, ip: &apos;192.168.207.18&apos;, os.name: &apos;Windows 10&apos;, os.arch: &apos;amd64&apos;, os.version: &apos;10.0&apos;, java.version: &apos;1.8.0_291&apos;
Driver info: org.openqa.selenium.chrome.ChromeDriver
Capabilities {acceptInsecureCerts: false, browserName: chrome, browserVersion: 94.0.4606.81, chrome: {chromedriverVersion: 94.0.4606.61 (418b78f5838ed..., userDataDir: C:\Users\YOGITA\AppData\Loc...}, goog:chromeOptions: {debuggerAddress: localhost:52588}, javascriptEnabled: true, networkConnectionEnabled: false, pageLoadStrategy: normal, platform: WINDOWS, platformName: WINDOWS, proxy: Proxy(), setWindowRect: true, strictFileInteractability: false, timeouts: {implicit: 0, pageLoad: 300000, script: 30000}, unhandledPromptBehavior: dismiss and notify, webauthn:extension:credBlob: true, webauthn:extension:largeBlob: true, webauthn:virtualAuthenticators: true}
Session ID: a31d7324ec080c63918ca54e0a3bdd77
*** Element info: {Using=xpath, value=//a[@class=&apos;ico-logout&apos;]}
	at org.openqa.selenium.remote.http.W3CHttpResponseCodec.createException(W3CHttpResponseCodec.java:187)
	at org.openqa.selenium.remote.http.W3CHttpResponseCodec.decode(W3CHttpResponseCodec.java:122)
	at org.openqa.selenium.remote.http.W3CHttpResponseCodec.decode(W3CHttpResponseCodec.java:49)
	at org.openqa.selenium.remote.HttpCommandExecutor.execute(HttpCommandExecutor.java:164)
	at org.openqa.selenium.remote.service.DriverCommandExecutor.execute(DriverCommandExecutor.java:83)
	at org.openqa.selenium.remote.RemoteWebDriver.execute(RemoteWebDriver.java:600)
	at org.openqa.selenium.remote.RemoteWebDriver.findElement(RemoteWebDriver.java:370)
	at org.openqa.selenium.remote.RemoteWebDriver.findElementByXPath(RemoteWebDriver.java:472)
	at org.openqa.selenium.By$ByXPath.findElement(By.java:361)
	at org.openqa.selenium.remote.RemoteWebDriver.findElement(RemoteWebDriver.java:362)
	at org.openqa.selenium.support.pagefactory.DefaultElementLocator.findElement(DefaultElementLocator.java:69)
	at org.openqa.selenium.support.pagefactory.internal.LocatingElementHandler.invoke(LocatingElementHandler.java:38)
	at com.sun.proxy.$Proxy13.isDisplayed(Unknown Source)
	at com.DemoWebShop.pages.DemoWebShopHomePage.Validate_Login(DemoWebShopHomePage.java:29)
	at com.DemoWebShop.tests.TC_LOGIN_005.testcase5(TC_LOGIN_005.java:37)
... Removed 27 stack frames
</div> <!-- stack-trace -->
                </div> <!-- method-content -->
              </div> <!-- method -->
              <div class="method">
                <div class="method-content">
                  <a name="testcase5(emilyisTheMeanest@hartford.com, hartfo)">
                  </a> <!-- testcase5(emilyisTheMeanest@hartford.com, hartfo) -->
                  <span class="method-name">testcase5</span>
                  <span class="parameters">(emilyisTheMeanest@hartford.com, hartfo)</span>
                  <div class="stack-trace">org.openqa.selenium.NoSuchElementException: no such element: Unable to locate element: {&quot;method&quot;:&quot;xpath&quot;,&quot;selector&quot;:&quot;//a[@class=&apos;ico-logout&apos;]&quot;}
  (Session info: chrome=94.0.4606.81)
For documentation on this error, please visit: http://seleniumhq.org/exceptions/no_such_element.html
Build info: version: &apos;3.7.0&apos;, revision: &apos;2321c73&apos;, time: &apos;2017-11-02T22:12:12.411Z&apos;
System info: host: &apos;DESKTOP-C6FREFO&apos;, ip: &apos;192.168.207.18&apos;, os.name: &apos;Windows 10&apos;, os.arch: &apos;amd64&apos;, os.version: &apos;10.0&apos;, java.version: &apos;1.8.0_291&apos;
Driver info: org.openqa.selenium.chrome.ChromeDriver
Capabilities {acceptInsecureCerts: false, browserName: chrome, browserVersion: 94.0.4606.81, chrome: {chromedriverVersion: 94.0.4606.61 (418b78f5838ed..., userDataDir: C:\Users\YOGITA\AppData\Loc...}, goog:chromeOptions: {debuggerAddress: localhost:52588}, javascriptEnabled: true, networkConnectionEnabled: false, pageLoadStrategy: normal, platform: WINDOWS, platformName: WINDOWS, proxy: Proxy(), setWindowRect: true, strictFileInteractability: false, timeouts: {implicit: 0, pageLoad: 300000, script: 30000}, unhandledPromptBehavior: dismiss and notify, webauthn:extension:credBlob: true, webauthn:extension:largeBlob: true, webauthn:virtualAuthenticators: true}
Session ID: a31d7324ec080c63918ca54e0a3bdd77
*** Element info: {Using=xpath, value=//a[@class=&apos;ico-logout&apos;]}
	at org.openqa.selenium.remote.http.W3CHttpResponseCodec.createException(W3CHttpResponseCodec.java:187)
	at org.openqa.selenium.remote.http.W3CHttpResponseCodec.decode(W3CHttpResponseCodec.java:122)
	at org.openqa.selenium.remote.http.W3CHttpResponseCodec.decode(W3CHttpResponseCodec.java:49)
	at org.openqa.selenium.remote.HttpCommandExecutor.execute(HttpCommandExecutor.java:164)
	at org.openqa.selenium.remote.service.DriverCommandExecutor.execute(DriverCommandExecutor.java:83)
	at org.openqa.selenium.remote.RemoteWebDriver.execute(RemoteWebDriver.java:600)
	at org.openqa.selenium.remote.RemoteWebDriver.findElement(RemoteWebDriver.java:370)
	at org.openqa.selenium.remote.RemoteWebDriver.findElementByXPath(RemoteWebDriver.java:472)
	at org.openqa.selenium.By$ByXPath.findElement(By.java:361)
	at org.openqa.selenium.remote.RemoteWebDriver.findElement(RemoteWebDriver.java:362)
	at org.openqa.selenium.support.pagefactory.DefaultElementLocator.findElement(DefaultElementLocator.java:69)
	at org.openqa.selenium.support.pagefactory.internal.LocatingElementHandler.invoke(LocatingElementHandler.java:38)
	at com.sun.proxy.$Proxy13.isDisplayed(Unknown Source)
	at com.DemoWebShop.pages.DemoWebShopHomePage.Validate_Login(DemoWebShopHomePage.java:29)
	at com.DemoWebShop.tests.TC_LOGIN_005.testcase5(TC_LOGIN_005.java:37)
... Removed 27 stack frames
</div> <!-- stack-trace -->
                </div> <!-- method-content -->
              </div> <!-- method -->
            </div> <!-- main-panel-content rounded-window-bottom -->
          </div> <!-- suite-Suite-class-failed -->
          <div class="suite-Suite-class-failed">
            <div class="main-panel-header rounded-window-top">
              <img src="failed.png"/>
              <span class="class-name">com.DemoWebShop.tests.TC_LOGIN_006</span>
            </div> <!-- main-panel-header rounded-window-top -->
            <div class="main-panel-content rounded-window-bottom">
              <div class="method">
                <div class="method-content">
                  <a name="testCase6(amazing.detive_genius@gmail.com, dieHardFan)">
                  </a> <!-- testCase6(amazing.detive_genius@gmail.com, dieHardFan) -->
                  <span class="method-name">testCase6</span>
                  <span class="parameters">(amazing.detive_genius@gmail.com, dieHardFan)</span>
                  <div class="stack-trace">org.openqa.selenium.NoSuchElementException: no such element: Unable to locate element: {&quot;method&quot;:&quot;xpath&quot;,&quot;selector&quot;:&quot;//a[@class=&apos;ico-logout&apos;]&quot;}
  (Session info: chrome=94.0.4606.81)
For documentation on this error, please visit: http://seleniumhq.org/exceptions/no_such_element.html
Build info: version: &apos;3.7.0&apos;, revision: &apos;2321c73&apos;, time: &apos;2017-11-02T22:12:12.411Z&apos;
System info: host: &apos;DESKTOP-C6FREFO&apos;, ip: &apos;192.168.207.18&apos;, os.name: &apos;Windows 10&apos;, os.arch: &apos;amd64&apos;, os.version: &apos;10.0&apos;, java.version: &apos;1.8.0_291&apos;
Driver info: org.openqa.selenium.chrome.ChromeDriver
Capabilities {acceptInsecureCerts: false, browserName: chrome, browserVersion: 94.0.4606.81, chrome: {chromedriverVersion: 94.0.4606.61 (418b78f5838ed..., userDataDir: C:\Users\YOGITA\AppData\Loc...}, goog:chromeOptions: {debuggerAddress: localhost:57251}, javascriptEnabled: true, networkConnectionEnabled: false, pageLoadStrategy: normal, platform: WINDOWS, platformName: WINDOWS, proxy: Proxy(), setWindowRect: true, strictFileInteractability: false, timeouts: {implicit: 0, pageLoad: 300000, script: 30000}, unhandledPromptBehavior: dismiss and notify, webauthn:extension:credBlob: true, webauthn:extension:largeBlob: true, webauthn:virtualAuthenticators: true}
Session ID: 1ad43b03bfe1da5e86393bca0648d693
*** Element info: {Using=xpath, value=//a[@class=&apos;ico-logout&apos;]}
	at org.openqa.selenium.remote.http.W3CHttpResponseCodec.createException(W3CHttpResponseCodec.java:187)
	at org.openqa.selenium.remote.http.W3CHttpResponseCodec.decode(W3CHttpResponseCodec.java:122)
	at org.openqa.selenium.remote.http.W3CHttpResponseCodec.decode(W3CHttpResponseCodec.java:49)
	at org.openqa.selenium.remote.HttpCommandExecutor.execute(HttpCommandExecutor.java:164)
	at org.openqa.selenium.remote.service.DriverCommandExecutor.execute(DriverCommandExecutor.java:83)
	at org.openqa.selenium.remote.RemoteWebDriver.execute(RemoteWebDriver.java:600)
	at org.openqa.selenium.remote.RemoteWebDriver.findElement(RemoteWebDriver.java:370)
	at org.openqa.selenium.remote.RemoteWebDriver.findElementByXPath(RemoteWebDriver.java:472)
	at org.openqa.selenium.By$ByXPath.findElement(By.java:361)
	at org.openqa.selenium.remote.RemoteWebDriver.findElement(RemoteWebDriver.java:362)
	at org.openqa.selenium.support.pagefactory.DefaultElementLocator.findElement(DefaultElementLocator.java:69)
	at org.openqa.selenium.support.pagefactory.internal.LocatingElementHandler.invoke(LocatingElementHandler.java:38)
	at com.sun.proxy.$Proxy13.isDisplayed(Unknown Source)
	at com.DemoWebShop.pages.DemoWebShopHomePage.Validate_Login(DemoWebShopHomePage.java:29)
	at com.DemoWebShop.tests.TC_LOGIN_006.testCase6(TC_LOGIN_006.java:37)
... Removed 26 stack frames
</div> <!-- stack-trace -->
                </div> <!-- method-content -->
              </div> <!-- method -->
              <div class="method">
                <div class="method-content">
                  <a name="testCase6(lorelaig_cfee@gmail.com, lukelorelai)">
                  </a> <!-- testCase6(lorelaig_cfee@gmail.com, lukelorelai) -->
                  <span class="method-name">testCase6</span>
                  <span class="parameters">(lorelaig_cfee@gmail.com, lukelorelai)</span>
                  <div class="stack-trace">org.openqa.selenium.NoSuchElementException: no such element: Unable to locate element: {&quot;method&quot;:&quot;xpath&quot;,&quot;selector&quot;:&quot;//a[@class=&apos;ico-logout&apos;]&quot;}
  (Session info: chrome=94.0.4606.81)
For documentation on this error, please visit: http://seleniumhq.org/exceptions/no_such_element.html
Build info: version: &apos;3.7.0&apos;, revision: &apos;2321c73&apos;, time: &apos;2017-11-02T22:12:12.411Z&apos;
System info: host: &apos;DESKTOP-C6FREFO&apos;, ip: &apos;192.168.207.18&apos;, os.name: &apos;Windows 10&apos;, os.arch: &apos;amd64&apos;, os.version: &apos;10.0&apos;, java.version: &apos;1.8.0_291&apos;
Driver info: org.openqa.selenium.chrome.ChromeDriver
Capabilities {acceptInsecureCerts: false, browserName: chrome, browserVersion: 94.0.4606.81, chrome: {chromedriverVersion: 94.0.4606.61 (418b78f5838ed..., userDataDir: C:\Users\YOGITA\AppData\Loc...}, goog:chromeOptions: {debuggerAddress: localhost:57251}, javascriptEnabled: true, networkConnectionEnabled: false, pageLoadStrategy: normal, platform: WINDOWS, platformName: WINDOWS, proxy: Proxy(), setWindowRect: true, strictFileInteractability: false, timeouts: {implicit: 0, pageLoad: 300000, script: 30000}, unhandledPromptBehavior: dismiss and notify, webauthn:extension:credBlob: true, webauthn:extension:largeBlob: true, webauthn:virtualAuthenticators: true}
Session ID: 1ad43b03bfe1da5e86393bca0648d693
*** Element info: {Using=xpath, value=//a[@class=&apos;ico-logout&apos;]}
	at org.openqa.selenium.remote.http.W3CHttpResponseCodec.createException(W3CHttpResponseCodec.java:187)
	at org.openqa.selenium.remote.http.W3CHttpResponseCodec.decode(W3CHttpResponseCodec.java:122)
	at org.openqa.selenium.remote.http.W3CHttpResponseCodec.decode(W3CHttpResponseCodec.java:49)
	at org.openqa.selenium.remote.HttpCommandExecutor.execute(HttpCommandExecutor.java:164)
	at org.openqa.selenium.remote.service.DriverCommandExecutor.execute(DriverCommandExecutor.java:83)
	at org.openqa.selenium.remote.RemoteWebDriver.execute(RemoteWebDriver.java:600)
	at org.openqa.selenium.remote.RemoteWebDriver.findElement(RemoteWebDriver.java:370)
	at org.openqa.selenium.remote.RemoteWebDriver.findElementByXPath(RemoteWebDriver.java:472)
	at org.openqa.selenium.By$ByXPath.findElement(By.java:361)
	at org.openqa.selenium.remote.RemoteWebDriver.findElement(RemoteWebDriver.java:362)
	at org.openqa.selenium.support.pagefactory.DefaultElementLocator.findElement(DefaultElementLocator.java:69)
	at org.openqa.selenium.support.pagefactory.internal.LocatingElementHandler.invoke(LocatingElementHandler.java:38)
	at com.sun.proxy.$Proxy13.isDisplayed(Unknown Source)
	at com.DemoWebShop.pages.DemoWebShopHomePage.Validate_Login(DemoWebShopHomePage.java:29)
	at com.DemoWebShop.tests.TC_LOGIN_006.testCase6(TC_LOGIN_006.java:37)
... Removed 27 stack frames
</div> <!-- stack-trace -->
                </div> <!-- method-content -->
              </div> <!-- method -->
              <div class="method">
                <div class="method-content">
                  <a name="testCase6(emilyisTeanest@hartford.com, EmilyRichard)">
                  </a> <!-- testCase6(emilyisTeanest@hartford.com, EmilyRichard) -->
                  <span class="method-name">testCase6</span>
                  <span class="parameters">(emilyisTeanest@hartford.com, EmilyRichard)</span>
                  <div class="stack-trace">org.openqa.selenium.NoSuchElementException: no such element: Unable to locate element: {&quot;method&quot;:&quot;xpath&quot;,&quot;selector&quot;:&quot;//a[@class=&apos;ico-logout&apos;]&quot;}
  (Session info: chrome=94.0.4606.81)
For documentation on this error, please visit: http://seleniumhq.org/exceptions/no_such_element.html
Build info: version: &apos;3.7.0&apos;, revision: &apos;2321c73&apos;, time: &apos;2017-11-02T22:12:12.411Z&apos;
System info: host: &apos;DESKTOP-C6FREFO&apos;, ip: &apos;192.168.207.18&apos;, os.name: &apos;Windows 10&apos;, os.arch: &apos;amd64&apos;, os.version: &apos;10.0&apos;, java.version: &apos;1.8.0_291&apos;
Driver info: org.openqa.selenium.chrome.ChromeDriver
Capabilities {acceptInsecureCerts: false, browserName: chrome, browserVersion: 94.0.4606.81, chrome: {chromedriverVersion: 94.0.4606.61 (418b78f5838ed..., userDataDir: C:\Users\YOGITA\AppData\Loc...}, goog:chromeOptions: {debuggerAddress: localhost:57251}, javascriptEnabled: true, networkConnectionEnabled: false, pageLoadStrategy: normal, platform: WINDOWS, platformName: WINDOWS, proxy: Proxy(), setWindowRect: true, strictFileInteractability: false, timeouts: {implicit: 0, pageLoad: 300000, script: 30000}, unhandledPromptBehavior: dismiss and notify, webauthn:extension:credBlob: true, webauthn:extension:largeBlob: true, webauthn:virtualAuthenticators: true}
Session ID: 1ad43b03bfe1da5e86393bca0648d693
*** Element info: {Using=xpath, value=//a[@class=&apos;ico-logout&apos;]}
	at org.openqa.selenium.remote.http.W3CHttpResponseCodec.createException(W3CHttpResponseCodec.java:187)
	at org.openqa.selenium.remote.http.W3CHttpResponseCodec.decode(W3CHttpResponseCodec.java:122)
	at org.openqa.selenium.remote.http.W3CHttpResponseCodec.decode(W3CHttpResponseCodec.java:49)
	at org.openqa.selenium.remote.HttpCommandExecutor.execute(HttpCommandExecutor.java:164)
	at org.openqa.selenium.remote.service.DriverCommandExecutor.execute(DriverCommandExecutor.java:83)
	at org.openqa.selenium.remote.RemoteWebDriver.execute(RemoteWebDriver.java:600)
	at org.openqa.selenium.remote.RemoteWebDriver.findElement(RemoteWebDriver.java:370)
	at org.openqa.selenium.remote.RemoteWebDriver.findElementByXPath(RemoteWebDriver.java:472)
	at org.openqa.selenium.By$ByXPath.findElement(By.java:361)
	at org.openqa.selenium.remote.RemoteWebDriver.findElement(RemoteWebDriver.java:362)
	at org.openqa.selenium.support.pagefactory.DefaultElementLocator.findElement(DefaultElementLocator.java:69)
	at org.openqa.selenium.support.pagefactory.internal.LocatingElementHandler.invoke(LocatingElementHandler.java:38)
	at com.sun.proxy.$Proxy13.isDisplayed(Unknown Source)
	at com.DemoWebShop.pages.DemoWebShopHomePage.Validate_Login(DemoWebShopHomePage.java:29)
	at com.DemoWebShop.tests.TC_LOGIN_006.testCase6(TC_LOGIN_006.java:37)
... Removed 26 stack frames
</div> <!-- stack-trace -->
                </div> <!-- method-content -->
              </div> <!-- method -->
            </div> <!-- main-panel-content rounded-window-bottom -->
          </div> <!-- suite-Suite-class-failed -->
          <div class="suite-Suite-class-skipped">
            <div class="main-panel-header rounded-window-top">
              <img src="skipped.png"/>
              <span class="class-name">com.DemoWebShop.tests.GoogleSearchTC</span>
            </div> <!-- main-panel-header rounded-window-top -->
            <div class="main-panel-content rounded-window-bottom">
              <div class="method">
                <div class="method-content">
                  <a name="TC01">
                  </a> <!-- TC01 -->
                  <span class="method-name">TC01</span>
                  <div class="stack-trace">java.lang.RuntimeException: java.lang.NoClassDefFoundError: org/apache/poi/ss/usermodel/Workbook
Caused by: java.lang.NoClassDefFoundError: org/apache/poi/ss/usermodel/Workbook
	at com.DemoWebShop.tests.GoogleSearchTC.data(GoogleSearchTC.java:33)
	... 19 more
Caused by: java.lang.ClassNotFoundException: org.apache.poi.ss.usermodel.Workbook
	at java.net.URLClassLoader.findClass(Unknown Source)
	at java.lang.ClassLoader.loadClass(Unknown Source)
	at sun.misc.Launcher$AppClassLoader.loadClass(Unknown Source)
	at java.lang.ClassLoader.loadClass(Unknown Source)
	... 26 more
... Removed 26 stack frames
</div> <!-- stack-trace -->
                </div> <!-- method-content -->
              </div> <!-- method -->
            </div> <!-- main-panel-content rounded-window-bottom -->
          </div> <!-- suite-Suite-class-skipped -->
          <div class="suite-Suite-class-skipped">
            <div class="main-panel-header rounded-window-top">
              <img src="skipped.png"/>
              <span class="class-name">com.DemoWebShop.tests.GoogleSearch</span>
            </div> <!-- main-panel-header rounded-window-top -->
            <div class="main-panel-content rounded-window-bottom">
              <div class="method">
                <div class="method-content">
                  <a name="TC01">
                  </a> <!-- TC01 -->
                  <span class="method-name">TC01</span>
                  <div class="stack-trace">java.lang.RuntimeException: java.lang.NullPointerException
Caused by: java.lang.NullPointerException
	at com.selenium.framework.ExcelLib.getRowCount(ExcelLib.java:128)
	at com.selenium.framework.ExcelLib.&lt;init&gt;(ExcelLib.java:24)
	at com.DemoWebShop.tests.GoogleSearch.data(GoogleSearch.java:19)
	... 19 more
... Removed 26 stack frames
</div> <!-- stack-trace -->
                </div> <!-- method-content -->
              </div> <!-- method -->
            </div> <!-- main-panel-content rounded-window-bottom -->
          </div> <!-- suite-Suite-class-skipped -->
          <div class="suite-Suite-class-passed">
            <div class="main-panel-header rounded-window-top">
              <img src="passed.png"/>
              <span class="class-name">com.DemoWebShop.tests.TC_SHOPPINGCART_012</span>
            </div> <!-- main-panel-header rounded-window-top -->
            <div class="main-panel-content rounded-window-bottom">
              <div class="method">
                <div class="method-content">
                  <a name="testcase12">
                  </a> <!-- testcase12 -->
                  <span class="method-name">testcase12</span>
                </div> <!-- method-content -->
              </div> <!-- method -->
            </div> <!-- main-panel-content rounded-window-bottom -->
          </div> <!-- suite-Suite-class-passed -->
          <div class="suite-Suite-class-passed">
            <div class="main-panel-header rounded-window-top">
              <img src="passed.png"/>
              <span class="class-name">com.DemoWebShop.tests.TC_REGISTER_001</span>
            </div> <!-- main-panel-header rounded-window-top -->
            <div class="main-panel-content rounded-window-bottom">
              <div class="method">
                <div class="method-content">
                  <a name="testcase1">
                  </a> <!-- testcase1 -->
                  <span class="method-name">testcase1</span>
                </div> <!-- method-content -->
              </div> <!-- method -->
            </div> <!-- main-panel-content rounded-window-bottom -->
          </div> <!-- suite-Suite-class-passed -->
          <div class="suite-Suite-class-passed">
            <div class="main-panel-header rounded-window-top">
              <img src="passed.png"/>
              <span class="class-name">com.DemoWebShop.tests.TC_SHOPPINGCART_014</span>
            </div> <!-- main-panel-header rounded-window-top -->
            <div class="main-panel-content rounded-window-bottom">
              <div class="method">
                <div class="method-content">
                  <a name="testcase14">
                  </a> <!-- testcase14 -->
                  <span class="method-name">testcase14</span>
                </div> <!-- method-content -->
              </div> <!-- method -->
            </div> <!-- main-panel-content rounded-window-bottom -->
          </div> <!-- suite-Suite-class-passed -->
          <div class="suite-Suite-class-passed">
            <div class="main-panel-header rounded-window-top">
              <img src="passed.png"/>
              <span class="class-name">com.DemoWebShop.tests.TC_SHOPPINGCART_013</span>
            </div> <!-- main-panel-header rounded-window-top -->
            <div class="main-panel-content rounded-window-bottom">
              <div class="method">
                <div class="method-content">
                  <a name="testCase13(jewelry)">
                  </a> <!-- testCase13(jewelry) -->
                  <span class="method-name">testCase13</span>
                  <span class="parameters">(jewelry)</span>
                </div> <!-- method-content -->
              </div> <!-- method -->
              <div class="method">
                <div class="method-content">
                  <a name="testCase13(computer)">
                  </a> <!-- testCase13(computer) -->
                  <span class="method-name">testCase13</span>
                  <span class="parameters">(computer)</span>
                </div> <!-- method-content -->
              </div> <!-- method -->
            </div> <!-- main-panel-content rounded-window-bottom -->
          </div> <!-- suite-Suite-class-passed -->
          <div class="suite-Suite-class-passed">
            <div class="main-panel-header rounded-window-top">
              <img src="passed.png"/>
              <span class="class-name">com.DemoWebShop.tests.TC_REGISTER_002</span>
            </div> <!-- main-panel-header rounded-window-top -->
            <div class="main-panel-content rounded-window-bottom">
              <div class="method">
                <div class="method-content">
                  <a name="testcase2(**#$%%, Gopal, Deeksha@gmail.com, jvfifv, jvfifv)">
                  </a> <!-- testcase2(**#$%%, Gopal, Deeksha@gmail.com, jvfifv, jvfifv) -->
                  <span class="method-name">testcase2</span>
                  <span class="parameters">(**#$%%, Gopal, Deeksha@gmail.com, jvfifv, jvfifv)</span>
                </div> <!-- method-content -->
              </div> <!-- method -->
              <div class="method">
                <div class="method-content">
                  <a name="testcase2(   %%#@%@%$^, Vashisht, Sandhya@gmail.com, vfhnjvf, vfhnjvf)">
                  </a> <!-- testcase2(   %%#@%@%$^, Vashisht, Sandhya@gmail.com, vfhnjvf, vfhnjvf) -->
                  <span class="method-name">testcase2</span>
                  <span class="parameters">(   %%#@%@%$^, Vashisht, Sandhya@gmail.com, vfhnjvf, vfhnjvf)</span>
                </div> <!-- method-content -->
              </div> <!-- method -->
            </div> <!-- main-panel-content rounded-window-bottom -->
          </div> <!-- suite-Suite-class-passed -->
          <div class="suite-Suite-class-passed">
            <div class="main-panel-header rounded-window-top">
              <img src="passed.png"/>
              <span class="class-name">com.DemoWebShop.tests.TC_REGISTER_004</span>
            </div> <!-- main-panel-header rounded-window-top -->
            <div class="main-panel-content rounded-window-bottom">
              <div class="method">
                <div class="method-content">
                  <a name="testcase4(Male)">
                  </a> <!-- testcase4(Male) -->
                  <span class="method-name">testcase4</span>
                  <span class="parameters">(Male)</span>
                </div> <!-- method-content -->
              </div> <!-- method -->
              <div class="method">
                <div class="method-content">
                  <a name="testcase4(Female)">
                  </a> <!-- testcase4(Female) -->
                  <span class="method-name">testcase4</span>
                  <span class="parameters">(Female)</span>
                </div> <!-- method-content -->
              </div> <!-- method -->
            </div> <!-- main-panel-content rounded-window-bottom -->
          </div> <!-- suite-Suite-class-passed -->
          <div class="suite-Suite-class-passed">
            <div class="main-panel-header rounded-window-top">
              <img src="passed.png"/>
              <span class="class-name">com.DemoWebShop.tests.TC_SHOPPINGCART_011</span>
            </div> <!-- main-panel-header rounded-window-top -->
            <div class="main-panel-content rounded-window-bottom">
              <div class="method">
                <div class="method-content">
                  <a name="testcase11(9)">
                  </a> <!-- testcase11(9) -->
                  <span class="method-name">testcase11</span>
                  <span class="parameters">(9)</span>
                </div> <!-- method-content -->
              </div> <!-- method -->
              <div class="method">
                <div class="method-content">
                  <a name="testcase11(7)">
                  </a> <!-- testcase11(7) -->
                  <span class="method-name">testcase11</span>
                  <span class="parameters">(7)</span>
                </div> <!-- method-content -->
              </div> <!-- method -->
            </div> <!-- main-panel-content rounded-window-bottom -->
          </div> <!-- suite-Suite-class-passed -->
          <div class="suite-Suite-class-passed">
            <div class="main-panel-header rounded-window-top">
              <img src="passed.png"/>
              <span class="class-name">com.DemoWebShop.tests.TC_LOGIN_007</span>
            </div> <!-- main-panel-header rounded-window-top -->
            <div class="main-panel-content rounded-window-bottom">
              <div class="method">
                <div class="method-content">
                  <a name="testCase7(amazing.detective_genius@gmail.com, dieHardFan)">
                  </a> <!-- testCase7(amazing.detective_genius@gmail.com, dieHardFan) -->
                  <span class="method-name">testCase7</span>
                  <span class="parameters">(amazing.detective_genius@gmail.com, dieHardFan)</span>
                </div> <!-- method-content -->
              </div> <!-- method -->
              <div class="method">
                <div class="method-content">
                  <a name="testCase7(lorelaig_coffee@gmail.com, lukelorelai)">
                  </a> <!-- testCase7(lorelaig_coffee@gmail.com, lukelorelai) -->
                  <span class="method-name">testCase7</span>
                  <span class="parameters">(lorelaig_coffee@gmail.com, lukelorelai)</span>
                </div> <!-- method-content -->
              </div> <!-- method -->
              <div class="method">
                <div class="method-content">
                  <a name="testCase7(emilyisTheMeanest@hartford.com, EmilyRichard)">
                  </a> <!-- testCase7(emilyisTheMeanest@hartford.com, EmilyRichard) -->
                  <span class="method-name">testCase7</span>
                  <span class="parameters">(emilyisTheMeanest@hartford.com, EmilyRichard)</span>
                </div> <!-- method-content -->
              </div> <!-- method -->
            </div> <!-- main-panel-content rounded-window-bottom -->
          </div> <!-- suite-Suite-class-passed -->
        </div> <!-- panel Suite -->
        <div panel-name="test-xml-Suite" class="panel">
          <div class="main-panel-header rounded-window-top">
            <span class="header-content">C:\Users\YOGITA\git\DemoWebShop\Selenium_TestAutomation_Framework-main\testng.xml</span>
          </div> <!-- main-panel-header rounded-window-top -->
          <div class="main-panel-content rounded-window-bottom">
            <pre>
&lt;?xml version=&quot;1.0&quot; encoding=&quot;UTF-8&quot;?&gt;
&lt;!DOCTYPE suite SYSTEM &quot;http://testng.org/testng-1.0.dtd&quot;&gt;
&lt;suite guice-stage=&quot;DEVELOPMENT&quot; name=&quot;Suite&quot;&gt;
  &lt;test name=&quot;Test&quot;&gt;
    &lt;classes&gt;
      &lt;class name=&quot;com.DemoWebShop.tests.TC_SHOPPINGCART_013&quot;/&gt;
      &lt;class name=&quot;com.DemoWebShop.tests.TC_SHOPPINGCART_014&quot;/&gt;
      &lt;class name=&quot;com.DemoWebShop.tests.TC_SHOPPINGCART_011&quot;/&gt;
      &lt;class name=&quot;com.DemoWebShop.tests.TC_SHOPPINGCART_012&quot;/&gt;
      &lt;class name=&quot;com.DemoWebShop.tests.TC_SHOPPINGCART_010&quot;/&gt;
      &lt;class name=&quot;com.DemoWebShop.tests.TC_REGISTER_003&quot;/&gt;
      &lt;class name=&quot;com.DemoWebShop.tests.TC_REGISTER_004&quot;/&gt;
      &lt;class name=&quot;com.DemoWebShop.tests.TC_REGISTER_001&quot;/&gt;
      &lt;class name=&quot;com.DemoWebShop.tests.TC_LOGIN_009&quot;/&gt;
      &lt;class name=&quot;com.DemoWebShop.tests.TC_REGISTER_002&quot;/&gt;
      &lt;class name=&quot;com.DemoWebShop.tests.TC_LOGIN_007&quot;/&gt;
      &lt;class name=&quot;com.DemoWebShop.tests.TC_LOGIN_008&quot;/&gt;
      &lt;class name=&quot;com.DemoWebShop.tests.TC_LOGIN_005&quot;/&gt;
      &lt;class name=&quot;com.DemoWebShop.tests.TC_LOGIN_006&quot;/&gt;
      &lt;class name=&quot;com.DemoWebShop.tests.GoogleSearch&quot;/&gt;
      &lt;class name=&quot;com.DemoWebShop.tests.GoogleSearchTC&quot;/&gt;
    &lt;/classes&gt;
  &lt;/test&gt; &lt;!-- Test --&gt;
&lt;/suite&gt; &lt;!-- Suite --&gt;
            </pre>
          </div> <!-- main-panel-content rounded-window-bottom -->
        </div> <!-- panel -->
        <div panel-name="testlist-Suite" class="panel">
          <div class="main-panel-header rounded-window-top">
            <span class="header-content">Tests for Suite</span>
          </div> <!-- main-panel-header rounded-window-top -->
          <div class="main-panel-content rounded-window-bottom">
            <ul>
              <li>
                <span class="test-name">Test (16 classes)</span>
              </li>
            </ul>
          </div> <!-- main-panel-content rounded-window-bottom -->
        </div> <!-- panel -->
        <div panel-name="group-Suite" class="panel">
          <div class="main-panel-header rounded-window-top">
            <span class="header-content">Groups for Suite</span>
          </div> <!-- main-panel-header rounded-window-top -->
          <div class="main-panel-content rounded-window-bottom">
          </div> <!-- main-panel-content rounded-window-bottom -->
        </div> <!-- panel -->
        <div panel-name="times-Suite" class="panel">
          <div class="main-panel-header rounded-window-top">
            <span class="header-content">Times for Suite</span>
          </div> <!-- main-panel-header rounded-window-top -->
          <div class="main-panel-content rounded-window-bottom">
            <div class="times-div">
              <script type="text/javascript">
suiteTableInitFunctions.push('tableData_Suite');
function tableData_Suite() {
var data = new google.visualization.DataTable();
data.addColumn('number', 'Number');
data.addColumn('string', 'Method');
data.addColumn('string', 'Class');
data.addColumn('number', 'Time (ms)');
data.addRows(31);
data.setCell(0, 0, 0)
data.setCell(0, 1, 'testcase11')
data.setCell(0, 2, 'com.DemoWebShop.tests.TC_SHOPPINGCART_011')
data.setCell(0, 3, 4260);
data.setCell(1, 0, 1)
data.setCell(1, 1, 'testcase11')
data.setCell(1, 2, 'com.DemoWebShop.tests.TC_SHOPPINGCART_011')
data.setCell(1, 3, 3579);
data.setCell(2, 0, 2)
data.setCell(2, 1, 'testCase7')
data.setCell(2, 2, 'com.DemoWebShop.tests.TC_LOGIN_007')
data.setCell(2, 3, 3419);
data.setCell(3, 0, 3)
data.setCell(3, 1, 'testCase7')
data.setCell(3, 2, 'com.DemoWebShop.tests.TC_LOGIN_007')
data.setCell(3, 3, 3373);
data.setCell(4, 0, 4)
data.setCell(4, 1, 'testCase9')
data.setCell(4, 2, 'com.DemoWebShop.tests.TC_LOGIN_009')
data.setCell(4, 3, 3314);
data.setCell(5, 0, 5)
data.setCell(5, 1, 'testCase7')
data.setCell(5, 2, 'com.DemoWebShop.tests.TC_LOGIN_007')
data.setCell(5, 3, 3181);
data.setCell(6, 0, 6)
data.setCell(6, 1, 'testcase3')
data.setCell(6, 2, 'com.DemoWebShop.tests.TC_REGISTER_003')
data.setCell(6, 3, 2934);
data.setCell(7, 0, 7)
data.setCell(7, 1, 'testcase2')
data.setCell(7, 2, 'com.DemoWebShop.tests.TC_REGISTER_002')
data.setCell(7, 3, 2830);
data.setCell(8, 0, 8)
data.setCell(8, 1, 'testcase3')
data.setCell(8, 2, 'com.DemoWebShop.tests.TC_REGISTER_003')
data.setCell(8, 3, 2737);
data.setCell(9, 0, 9)
data.setCell(9, 1, 'testcase2')
data.setCell(9, 2, 'com.DemoWebShop.tests.TC_REGISTER_002')
data.setCell(9, 3, 2605);
data.setCell(10, 0, 10)
data.setCell(10, 1, 'testcase10')
data.setCell(10, 2, 'com.DemoWebShop.tests.TC_SHOPPINGCART_010')
data.setCell(10, 3, 2604);
data.setCell(11, 0, 11)
data.setCell(11, 1, 'testCase9')
data.setCell(11, 2, 'com.DemoWebShop.tests.TC_LOGIN_009')
data.setCell(11, 3, 2592);
data.setCell(12, 0, 12)
data.setCell(12, 1, 'testcase14')
data.setCell(12, 2, 'com.DemoWebShop.tests.TC_SHOPPINGCART_014')
data.setCell(12, 3, 2540);
data.setCell(13, 0, 13)
data.setCell(13, 1, 'testCase9')
data.setCell(13, 2, 'com.DemoWebShop.tests.TC_LOGIN_009')
data.setCell(13, 3, 2315);
data.setCell(14, 0, 14)
data.setCell(14, 1, 'testcase5')
data.setCell(14, 2, 'com.DemoWebShop.tests.TC_LOGIN_005')
data.setCell(14, 3, 2057);
data.setCell(15, 0, 15)
data.setCell(15, 1, 'testCase6')
data.setCell(15, 2, 'com.DemoWebShop.tests.TC_LOGIN_006')
data.setCell(15, 3, 1930);
data.setCell(16, 0, 16)
data.setCell(16, 1, 'testcase5')
data.setCell(16, 2, 'com.DemoWebShop.tests.TC_LOGIN_005')
data.setCell(16, 3, 1903);
data.setCell(17, 0, 17)
data.setCell(17, 1, 'testCase6')
data.setCell(17, 2, 'com.DemoWebShop.tests.TC_LOGIN_006')
data.setCell(17, 3, 1870);
data.setCell(18, 0, 18)
data.setCell(18, 1, 'testCase6')
data.setCell(18, 2, 'com.DemoWebShop.tests.TC_LOGIN_006')
data.setCell(18, 3, 1834);
data.setCell(19, 0, 19)
data.setCell(19, 1, 'testCase8')
data.setCell(19, 2, 'com.DemoWebShop.tests.TC_LOGIN_008')
data.setCell(19, 3, 1821);
data.setCell(20, 0, 20)
data.setCell(20, 1, 'testcase5')
data.setCell(20, 2, 'com.DemoWebShop.tests.TC_LOGIN_005')
data.setCell(20, 3, 1793);
data.setCell(21, 0, 21)
data.setCell(21, 1, 'testCase8')
data.setCell(21, 2, 'com.DemoWebShop.tests.TC_LOGIN_008')
data.setCell(21, 3, 1782);
data.setCell(22, 0, 22)
data.setCell(22, 1, 'testCase13')
data.setCell(22, 2, 'com.DemoWebShop.tests.TC_SHOPPINGCART_013')
data.setCell(22, 3, 1671);
data.setCell(23, 0, 23)
data.setCell(23, 1, 'testCase8')
data.setCell(23, 2, 'com.DemoWebShop.tests.TC_LOGIN_008')
data.setCell(23, 3, 1621);
data.setCell(24, 0, 24)
data.setCell(24, 1, 'testCase13')
data.setCell(24, 2, 'com.DemoWebShop.tests.TC_SHOPPINGCART_013')
data.setCell(24, 3, 1323);
data.setCell(25, 0, 25)
data.setCell(25, 1, 'testcase1')
data.setCell(25, 2, 'com.DemoWebShop.tests.TC_REGISTER_001')
data.setCell(25, 3, 1059);
data.setCell(26, 0, 26)
data.setCell(26, 1, 'testcase4')
data.setCell(26, 2, 'com.DemoWebShop.tests.TC_REGISTER_004')
data.setCell(26, 3, 1036);
data.setCell(27, 0, 27)
data.setCell(27, 1, 'testcase4')
data.setCell(27, 2, 'com.DemoWebShop.tests.TC_REGISTER_004')
data.setCell(27, 3, 856);
data.setCell(28, 0, 28)
data.setCell(28, 1, 'testcase12')
data.setCell(28, 2, 'com.DemoWebShop.tests.TC_SHOPPINGCART_012')
data.setCell(28, 3, 645);
data.setCell(29, 0, 29)
data.setCell(29, 1, 'TC01')
data.setCell(29, 2, 'com.DemoWebShop.tests.GoogleSearchTC')
data.setCell(29, 3, 0);
data.setCell(30, 0, 30)
data.setCell(30, 1, 'TC01')
data.setCell(30, 2, 'com.DemoWebShop.tests.GoogleSearch')
data.setCell(30, 3, 0);
window.suiteTableData['Suite']= { tableData: data, tableDiv: 'times-div-Suite'}
return data;
}
              </script>
              <span class="suite-total-time">Total running time: 1 minutes</span>
              <div id="times-div-Suite">
              </div> <!-- times-div-Suite -->
            </div> <!-- times-div -->
          </div> <!-- main-panel-content rounded-window-bottom -->
        </div> <!-- panel -->
        <div panel-name="reporter-Suite" class="panel">
          <div class="main-panel-header rounded-window-top">
            <span class="header-content">Reporter output for Suite</span>
          </div> <!-- main-panel-header rounded-window-top -->
          <div class="main-panel-content rounded-window-bottom">
          </div> <!-- main-panel-content rounded-window-bottom -->
        </div> <!-- panel -->
        <div panel-name="ignored-methods-Suite" class="panel">
          <div class="main-panel-header rounded-window-top">
            <span class="header-content">30 ignored methods</span>
          </div> <!-- main-panel-header rounded-window-top -->
          <div class="main-panel-content rounded-window-bottom">
            <div class="ignored-class-div">
              <span class="ignored-class-name">com.DemoWebShop.tests.TC_SHOPPINGCART_010</span>
              <div class="ignored-methods-div">
                <span class="ignored-method-name">publishExtentReport</span>
                <br/>
                <span class="ignored-method-name">initlizeExtentReportsObject</span>
                <br/>
              </div> <!-- ignored-methods-div -->
            </div> <!-- ignored-class-div -->
            <div class="ignored-class-div">
              <span class="ignored-class-name">com.DemoWebShop.tests.TC_SHOPPINGCART_012</span>
              <div class="ignored-methods-div">
                <span class="ignored-method-name">publishExtentReport</span>
                <br/>
                <span class="ignored-method-name">initlizeExtentReportsObject</span>
                <br/>
              </div> <!-- ignored-methods-div -->
            </div> <!-- ignored-class-div -->
            <div class="ignored-class-div">
              <span class="ignored-class-name">com.DemoWebShop.tests.TC_REGISTER_001</span>
              <div class="ignored-methods-div">
                <span class="ignored-method-name">publishExtentReport</span>
                <br/>
                <span class="ignored-method-name">initlizeExtentReportsObject</span>
                <br/>
              </div> <!-- ignored-methods-div -->
            </div> <!-- ignored-class-div -->
            <div class="ignored-class-div">
              <span class="ignored-class-name">com.DemoWebShop.tests.GoogleSearchTC</span>
              <div class="ignored-methods-div">
                <span class="ignored-method-name">publishExtentReport</span>
                <br/>
                <span class="ignored-method-name">initlizeExtentReportsObject</span>
                <br/>
              </div> <!-- ignored-methods-div -->
            </div> <!-- ignored-class-div -->
            <div class="ignored-class-div">
              <span class="ignored-class-name">com.DemoWebShop.tests.GoogleSearch</span>
              <div class="ignored-methods-div">
                <span class="ignored-method-name">publishExtentReport</span>
                <br/>
                <span class="ignored-method-name">initlizeExtentReportsObject</span>
                <br/>
              </div> <!-- ignored-methods-div -->
            </div> <!-- ignored-class-div -->
            <div class="ignored-class-div">
              <span class="ignored-class-name">com.DemoWebShop.tests.TC_SHOPPINGCART_014</span>
              <div class="ignored-methods-div">
                <span class="ignored-method-name">publishExtentReport</span>
                <br/>
                <span class="ignored-method-name">initlizeExtentReportsObject</span>
                <br/>
              </div> <!-- ignored-methods-div -->
            </div> <!-- ignored-class-div -->
            <div class="ignored-class-div">
              <span class="ignored-class-name">com.DemoWebShop.tests.TC_REGISTER_002</span>
              <div class="ignored-methods-div">
                <span class="ignored-method-name">publishExtentReport</span>
                <br/>
                <span class="ignored-method-name">initlizeExtentReportsObject</span>
                <br/>
              </div> <!-- ignored-methods-div -->
            </div> <!-- ignored-class-div -->
            <div class="ignored-class-div">
              <span class="ignored-class-name">com.DemoWebShop.tests.TC_LOGIN_006</span>
              <div class="ignored-methods-div">
                <span class="ignored-method-name">publishExtentReport</span>
                <br/>
                <span class="ignored-method-name">initlizeExtentReportsObject</span>
                <br/>
              </div> <!-- ignored-methods-div -->
            </div> <!-- ignored-class-div -->
            <div class="ignored-class-div">
              <span class="ignored-class-name">com.DemoWebShop.tests.TC_LOGIN_008</span>
              <div class="ignored-methods-div">
                <span class="ignored-method-name">publishExtentReport</span>
                <br/>
                <span class="ignored-method-name">initlizeExtentReportsObject</span>
                <br/>
              </div> <!-- ignored-methods-div -->
            </div> <!-- ignored-class-div -->
            <div class="ignored-class-div">
              <span class="ignored-class-name">com.DemoWebShop.tests.TC_REGISTER_003</span>
              <div class="ignored-methods-div">
                <span class="ignored-method-name">publishExtentReport</span>
                <br/>
                <span class="ignored-method-name">initlizeExtentReportsObject</span>
                <br/>
              </div> <!-- ignored-methods-div -->
            </div> <!-- ignored-class-div -->
            <div class="ignored-class-div">
              <span class="ignored-class-name">com.DemoWebShop.tests.TC_LOGIN_009</span>
              <div class="ignored-methods-div">
                <span class="ignored-method-name">publishExtentReport</span>
                <br/>
                <span class="ignored-method-name">initlizeExtentReportsObject</span>
                <br/>
              </div> <!-- ignored-methods-div -->
            </div> <!-- ignored-class-div -->
            <div class="ignored-class-div">
              <span class="ignored-class-name">com.DemoWebShop.tests.TC_LOGIN_005</span>
              <div class="ignored-methods-div">
                <span class="ignored-method-name">publishExtentReport</span>
                <br/>
                <span class="ignored-method-name">initlizeExtentReportsObject</span>
                <br/>
              </div> <!-- ignored-methods-div -->
            </div> <!-- ignored-class-div -->
            <div class="ignored-class-div">
              <span class="ignored-class-name">com.DemoWebShop.tests.TC_SHOPPINGCART_011</span>
              <div class="ignored-methods-div">
                <span class="ignored-method-name">publishExtentReport</span>
                <br/>
                <span class="ignored-method-name">initlizeExtentReportsObject</span>
                <br/>
              </div> <!-- ignored-methods-div -->
            </div> <!-- ignored-class-div -->
            <div class="ignored-class-div">
              <span class="ignored-class-name">com.DemoWebShop.tests.TC_REGISTER_004</span>
              <div class="ignored-methods-div">
                <span class="ignored-method-name">publishExtentReport</span>
                <br/>
                <span class="ignored-method-name">initlizeExtentReportsObject</span>
                <br/>
              </div> <!-- ignored-methods-div -->
            </div> <!-- ignored-class-div -->
            <div class="ignored-class-div">
              <span class="ignored-class-name">com.DemoWebShop.tests.TC_LOGIN_007</span>
              <div class="ignored-methods-div">
                <span class="ignored-method-name">publishExtentReport</span>
                <br/>
                <span class="ignored-method-name">initlizeExtentReportsObject</span>
                <br/>
              </div> <!-- ignored-methods-div -->
            </div> <!-- ignored-class-div -->
          </div> <!-- main-panel-content rounded-window-bottom -->
        </div> <!-- panel -->
        <div panel-name="chronological-Suite" class="panel">
          <div class="main-panel-header rounded-window-top">
            <span class="header-content">Methods in chronological order</span>
          </div> <!-- main-panel-header rounded-window-top -->
          <div class="main-panel-content rounded-window-bottom">
            <div class="chronological-class">
              <div class="chronological-class-name">com.DemoWebShop.tests.TC_SHOPPINGCART_013</div> <!-- chronological-class-name -->
              <div class="configuration-suite before">
                <span class="method-name">initlizeExtentReportsObject</span>
                <span class="method-start">0 ms</span>
              </div> <!-- configuration-suite before -->
              <div class="configuration-class before">
                <span class="method-name">initilizeDriver</span>
                <span class="method-start">385 ms</span>
              </div> <!-- configuration-class before -->
              <div class="configuration-method before">
                <span class="method-name">startTest(public void com.DemoWebShop.tests.TC_SHOPPINGCART_013.testCase13(java.lang.String))</span>
                <span class="method-start">4351 ms</span>
              </div> <!-- configuration-method before -->
              <div class="test-method">
                <span class="method-name">testCase13(computer)</span>
                <span class="method-start">13353 ms</span>
              </div> <!-- test-method -->
              <div class="configuration-method after">
                <span class="method-name">logResults([TestResult name=testCase13 status=SUCCESS method=TC_SHOPPINGCART_013.testCase13(java.lang.String)[p...)</span>
                <span class="method-start">15024 ms</span>
              </div> <!-- configuration-method after -->
              <div class="configuration-method before">
                <span class="method-name">startTest(public void com.DemoWebShop.tests.TC_SHOPPINGCART_013.testCase13(java.lang.String))</span>
                <span class="method-start">15028 ms</span>
              </div> <!-- configuration-method before -->
              <div class="test-method">
                <span class="method-name">testCase13(jewelry)</span>
                <span class="method-start">15635 ms</span>
              </div> <!-- test-method -->
              <div class="configuration-method after">
                <span class="method-name">logResults([TestResult name=testCase13 status=SUCCESS method=TC_SHOPPINGCART_013.testCase13(java.lang.String)[p...)</span>
                <span class="method-start">16958 ms</span>
              </div> <!-- configuration-method after -->
              <div class="configuration-class after">
                <span class="method-name">closeApplication</span>
                <span class="method-start">16959 ms</span>
              </div> <!-- configuration-class after -->
            </div> <!-- chronological-class -->
            <div class="chronological-class">
              <div class="chronological-class-name">com.DemoWebShop.tests.TC_SHOPPINGCART_014</div> <!-- chronological-class-name -->
              <div class="configuration-class before">
                <span class="method-name">initilizeDriver</span>
                <span class="method-start">17679 ms</span>
              </div> <!-- configuration-class before -->
              <div class="configuration-method before">
                <span class="method-name">startTest(public void com.DemoWebShop.tests.TC_SHOPPINGCART_014.testcase14() throws java.lang.InterruptedExcep...)</span>
                <span class="method-start">19234 ms</span>
              </div> <!-- configuration-method before -->
              <div class="test-method">
                <span class="method-name">testcase14</span>
                <span class="method-start">26128 ms</span>
              </div> <!-- test-method -->
              <div class="configuration-method after">
                <span class="method-name">logResults([TestResult name=testcase14 status=SUCCESS method=TC_SHOPPINGCART_014.testcase14()[pri:0, instance:c...)</span>
                <span class="method-start">28668 ms</span>
              </div> <!-- configuration-method after -->
              <div class="configuration-class after">
                <span class="method-name">closeApplication</span>
                <span class="method-start">28669 ms</span>
              </div> <!-- configuration-class after -->
            </div> <!-- chronological-class -->
            <div class="chronological-class">
              <div class="chronological-class-name">com.DemoWebShop.tests.TC_SHOPPINGCART_011</div> <!-- chronological-class-name -->
              <div class="configuration-class before">
                <span class="method-name">initilizeDriver</span>
                <span class="method-start">29322 ms</span>
              </div> <!-- configuration-class before -->
              <div class="configuration-method before">
                <span class="method-name">startTest(public void com.DemoWebShop.tests.TC_SHOPPINGCART_011.testcase11(java.lang.String))</span>
                <span class="method-start">30969 ms</span>
              </div> <!-- configuration-method before -->
              <div class="test-method">
                <span class="method-name">testcase11(7)</span>
                <span class="method-start">37919 ms</span>
              </div> <!-- test-method -->
              <div class="configuration-method after">
                <span class="method-name">logResults([TestResult name=testcase11 status=SUCCESS method=TC_SHOPPINGCART_011.testcase11(java.lang.String)[p...)</span>
                <span class="method-start">42179 ms</span>
              </div> <!-- configuration-method after -->
              <div class="configuration-method before">
                <span class="method-name">startTest(public void com.DemoWebShop.tests.TC_SHOPPINGCART_011.testcase11(java.lang.String))</span>
                <span class="method-start">42181 ms</span>
              </div> <!-- configuration-method before -->
              <div class="test-method">
                <span class="method-name">testcase11(9)</span>
                <span class="method-start">42807 ms</span>
              </div> <!-- test-method -->
              <div class="configuration-method after">
                <span class="method-name">logResults([TestResult name=testcase11 status=SUCCESS method=TC_SHOPPINGCART_011.testcase11(java.lang.String)[p...)</span>
                <span class="method-start">46386 ms</span>
              </div> <!-- configuration-method after -->
              <div class="configuration-class after">
                <span class="method-name">closeApplication</span>
                <span class="method-start">46388 ms</span>
              </div> <!-- configuration-class after -->
            </div> <!-- chronological-class -->
            <div class="chronological-class">
              <div class="chronological-class-name">com.DemoWebShop.tests.TC_SHOPPINGCART_012</div> <!-- chronological-class-name -->
              <div class="configuration-class before">
                <span class="method-name">initilizeDriver</span>
                <span class="method-start">47038 ms</span>
              </div> <!-- configuration-class before -->
              <div class="configuration-method before">
                <span class="method-name">startTest(public void com.DemoWebShop.tests.TC_SHOPPINGCART_012.testcase12())</span>
                <span class="method-start">48612 ms</span>
              </div> <!-- configuration-method before -->
              <div class="test-method">
                <span class="method-name">testcase12</span>
                <span class="method-start">51367 ms</span>
              </div> <!-- test-method -->
              <div class="configuration-class after">
                <span class="method-name">closeApplication</span>
                <span class="method-start">52012 ms</span>
              </div> <!-- configuration-class after -->
              <div class="configuration-method after">
                <span class="method-name">logResults([TestResult name=testcase12 status=SUCCESS method=TC_SHOPPINGCART_012.testcase12()[pri:0, instance:c...)</span>
                <span class="method-start">52012 ms</span>
              </div> <!-- configuration-method after -->
            </div> <!-- chronological-class -->
            <div class="chronological-class">
              <div class="chronological-class-name">com.DemoWebShop.tests.TC_SHOPPINGCART_010</div> <!-- chronological-class-name -->
              <div class="configuration-class before">
                <span class="method-name">initilizeDriver</span>
                <span class="method-start">52743 ms</span>
              </div> <!-- configuration-class before -->
              <div class="configuration-method before">
                <span class="method-name">startTest(public void com.DemoWebShop.tests.TC_SHOPPINGCART_010.testcase10())</span>
                <span class="method-start">54167 ms</span>
              </div> <!-- configuration-method before -->
              <div class="test-method">
                <img src="failed.png">
                </img>
                <span class="method-name">testcase10</span>
                <span class="method-start">56930 ms</span>
              </div> <!-- test-method -->
              <div class="configuration-method after">
                <span class="method-name">logResults([TestResult name=testcase10 status=FAILURE method=TC_SHOPPINGCART_010.testcase10()[pri:0, instance:c...)</span>
                <span class="method-start">59534 ms</span>
              </div> <!-- configuration-method after -->
              <div class="configuration-class after">
                <span class="method-name">closeApplication</span>
                <span class="method-start">59712 ms</span>
              </div> <!-- configuration-class after -->
            </div> <!-- chronological-class -->
            <div class="chronological-class">
              <div class="chronological-class-name">com.DemoWebShop.tests.TC_REGISTER_003</div> <!-- chronological-class-name -->
              <div class="configuration-class before">
                <span class="method-name">initilizeDriver</span>
                <span class="method-start">60446 ms</span>
              </div> <!-- configuration-class before -->
              <div class="configuration-method before">
                <span class="method-name">startTest(public void com.DemoWebShop.tests.TC_REGISTER_003.testcase3(java.lang.String,java.lang.String,java.l...)</span>
                <span class="method-start">62104 ms</span>
              </div> <!-- configuration-method before -->
              <div class="test-method">
                <img src="failed.png">
                </img>
                <span class="method-name">testcase3(vhbfu33489, Gopal, DeekshaVnfj@gmail.com, jvfifv, jvfifv)</span>
                <span class="method-start">65187 ms</span>
              </div> <!-- test-method -->
              <div class="configuration-method after">
                <span class="method-name">logResults([TestResult name=testcase3 status=FAILURE method=TC_REGISTER_003.testcase3(java.lang.String, java.la...)</span>
                <span class="method-start">68122 ms</span>
              </div> <!-- configuration-method after -->
              <div class="configuration-method before">
                <span class="method-name">startTest(public void com.DemoWebShop.tests.TC_REGISTER_003.testcase3(java.lang.String,java.lang.String,java.l...)</span>
                <span class="method-start">68288 ms</span>
              </div> <!-- configuration-method before -->
              <div class="test-method">
                <img src="failed.png">
                </img>
                <span class="method-name">testcase3(   nsdniwjq12e329884, Vashisht, SandhyaSfvfrkj@gmail.com, vfhnjvf, vfhnjvf)</span>
                <span class="method-start">68876 ms</span>
              </div> <!-- test-method -->
              <div class="configuration-method after">
                <span class="method-name">logResults([TestResult name=testcase3 status=FAILURE method=TC_REGISTER_003.testcase3(java.lang.String, java.la...)</span>
                <span class="method-start">71613 ms</span>
              </div> <!-- configuration-method after -->
              <div class="configuration-class after">
                <span class="method-name">closeApplication</span>
                <span class="method-start">71748 ms</span>
              </div> <!-- configuration-class after -->
            </div> <!-- chronological-class -->
            <div class="chronological-class">
              <div class="chronological-class-name">com.DemoWebShop.tests.TC_REGISTER_004</div> <!-- chronological-class-name -->
              <div class="configuration-class before">
                <span class="method-name">initilizeDriver</span>
                <span class="method-start">73029 ms</span>
              </div> <!-- configuration-class before -->
              <div class="configuration-method before">
                <span class="method-name">startTest(public void com.DemoWebShop.tests.TC_REGISTER_004.testcase4(java.lang.String))</span>
                <span class="method-start">74639 ms</span>
              </div> <!-- configuration-method before -->
              <div class="test-method">
                <span class="method-name">testcase4(Female)</span>
                <span class="method-start">77234 ms</span>
              </div> <!-- test-method -->
              <div class="configuration-method after">
                <span class="method-name">logResults([TestResult name=testcase4 status=SUCCESS method=TC_REGISTER_004.testcase4(java.lang.String)[pri:0, ...)</span>
                <span class="method-start">78090 ms</span>
              </div> <!-- configuration-method after -->
              <div class="configuration-method before">
                <span class="method-name">startTest(public void com.DemoWebShop.tests.TC_REGISTER_004.testcase4(java.lang.String))</span>
                <span class="method-start">78091 ms</span>
              </div> <!-- configuration-method before -->
              <div class="test-method">
                <span class="method-name">testcase4(Male)</span>
                <span class="method-start">78734 ms</span>
              </div> <!-- test-method -->
              <div class="configuration-method after">
                <span class="method-name">logResults([TestResult name=testcase4 status=SUCCESS method=TC_REGISTER_004.testcase4(java.lang.String)[pri:0, ...)</span>
                <span class="method-start">79770 ms</span>
              </div> <!-- configuration-method after -->
              <div class="configuration-class after">
                <span class="method-name">closeApplication</span>
                <span class="method-start">79771 ms</span>
              </div> <!-- configuration-class after -->
            </div> <!-- chronological-class -->
            <div class="chronological-class">
              <div class="chronological-class-name">com.DemoWebShop.tests.TC_REGISTER_001</div> <!-- chronological-class-name -->
              <div class="configuration-class before">
                <span class="method-name">initilizeDriver</span>
                <span class="method-start">80520 ms</span>
              </div> <!-- configuration-class before -->
              <div class="configuration-method before">
                <span class="method-name">startTest(public void com.DemoWebShop.tests.TC_REGISTER_001.testcase1())</span>
                <span class="method-start">82025 ms</span>
              </div> <!-- configuration-method before -->
              <div class="test-method">
                <span class="method-name">testcase1</span>
                <span class="method-start">86971 ms</span>
              </div> <!-- test-method -->
              <div class="configuration-method after">
                <span class="method-name">logResults([TestResult name=testcase1 status=SUCCESS method=TC_REGISTER_001.testcase1()[pri:0, instance:com.Dem...)</span>
                <span class="method-start">88030 ms</span>
              </div> <!-- configuration-method after -->
              <div class="configuration-class after">
                <span class="method-name">closeApplication</span>
                <span class="method-start">88031 ms</span>
              </div> <!-- configuration-class after -->
            </div> <!-- chronological-class -->
            <div class="chronological-class">
              <div class="chronological-class-name">com.DemoWebShop.tests.TC_LOGIN_009</div> <!-- chronological-class-name -->
              <div class="configuration-class before">
                <span class="method-name">initilizeDriver</span>
                <span class="method-start">89408 ms</span>
              </div> <!-- configuration-class before -->
              <div class="configuration-method before">
                <span class="method-name">startTest(public void com.DemoWebShop.tests.TC_LOGIN_009.testCase9(java.lang.String,java.lang.String))</span>
                <span class="method-start">91088 ms</span>
              </div> <!-- configuration-method before -->
              <div class="test-method">
                <img src="failed.png">
                </img>
                <span class="method-name">testCase9(lorelaig_co@gmail.com, lukelore)</span>
                <span class="method-start">95905 ms</span>
              </div> <!-- test-method -->
              <div class="configuration-method after">
                <span class="method-name">logResults([TestResult name=testCase9 status=FAILURE method=TC_LOGIN_009.testCase9(java.lang.String, java.lang....)</span>
                <span class="method-start">98220 ms</span>
              </div> <!-- configuration-method after -->
              <div class="configuration-method before">
                <span class="method-name">startTest(public void com.DemoWebShop.tests.TC_LOGIN_009.testCase9(java.lang.String,java.lang.String))</span>
                <span class="method-start">98411 ms</span>
              </div> <!-- configuration-method before -->
              <div class="test-method">
                <img src="failed.png">
                </img>
                <span class="method-name">testCase9(emilyisThet@hartford.com, EmilyRicha)</span>
                <span class="method-start">99154 ms</span>
              </div> <!-- test-method -->
              <div class="configuration-method after">
                <span class="method-name">logResults([TestResult name=testCase9 status=FAILURE method=TC_LOGIN_009.testCase9(java.lang.String, java.lang....)</span>
                <span class="method-start">102468 ms</span>
              </div> <!-- configuration-method after -->
              <div class="configuration-method before">
                <span class="method-name">startTest(public void com.DemoWebShop.tests.TC_LOGIN_009.testCase9(java.lang.String,java.lang.String))</span>
                <span class="method-start">102625 ms</span>
              </div> <!-- configuration-method before -->
              <div class="test-method">
                <img src="failed.png">
                </img>
                <span class="method-name">testCase9(amazing.detee_genius@gmail.com, dieHar)</span>
                <span class="method-start">103358 ms</span>
              </div> <!-- test-method -->
              <div class="configuration-method after">
                <span class="method-name">logResults([TestResult name=testCase9 status=FAILURE method=TC_LOGIN_009.testCase9(java.lang.String, java.lang....)</span>
                <span class="method-start">105950 ms</span>
              </div> <!-- configuration-method after -->
              <div class="configuration-class after">
                <span class="method-name">closeApplication</span>
                <span class="method-start">106087 ms</span>
              </div> <!-- configuration-class after -->
            </div> <!-- chronological-class -->
            <div class="chronological-class">
              <div class="chronological-class-name">com.DemoWebShop.tests.TC_REGISTER_002</div> <!-- chronological-class-name -->
              <div class="configuration-class before">
                <span class="method-name">initilizeDriver</span>
                <span class="method-start">106816 ms</span>
              </div> <!-- configuration-class before -->
              <div class="configuration-method before">
                <span class="method-name">startTest(public void com.DemoWebShop.tests.TC_REGISTER_002.testcase2(java.lang.String,java.lang.String,java.l...)</span>
                <span class="method-start">108517 ms</span>
              </div> <!-- configuration-method before -->
              <div class="test-method">
                <span class="method-name">testcase2(**#$%%, Gopal, Deeksha@gmail.com, jvfifv, jvfifv)</span>
                <span class="method-start">111338 ms</span>
              </div> <!-- test-method -->
              <div class="configuration-method after">
                <span class="method-name">logResults([TestResult name=testcase2 status=SUCCESS method=TC_REGISTER_002.testcase2(java.lang.String, java.la...)</span>
                <span class="method-start">114168 ms</span>
              </div> <!-- configuration-method after -->
              <div class="configuration-method before">
                <span class="method-name">startTest(public void com.DemoWebShop.tests.TC_REGISTER_002.testcase2(java.lang.String,java.lang.String,java.l...)</span>
                <span class="method-start">114171 ms</span>
              </div> <!-- configuration-method before -->
              <div class="test-method">
                <span class="method-name">testcase2(   %%#@%@%$^, Vashisht, Sandhya@gmail.com, vfhnjvf, vfhnjvf)</span>
                <span class="method-start">114848 ms</span>
              </div> <!-- test-method -->
              <div class="configuration-method after">
                <span class="method-name">logResults([TestResult name=testcase2 status=SUCCESS method=TC_REGISTER_002.testcase2(java.lang.String, java.la...)</span>
                <span class="method-start">117454 ms</span>
              </div> <!-- configuration-method after -->
              <div class="configuration-class after">
                <span class="method-name">closeApplication</span>
                <span class="method-start">117455 ms</span>
              </div> <!-- configuration-class after -->
            </div> <!-- chronological-class -->
            <div class="chronological-class">
              <div class="chronological-class-name">com.DemoWebShop.tests.TC_LOGIN_007</div> <!-- chronological-class-name -->
              <div class="configuration-class before">
                <span class="method-name">initilizeDriver</span>
                <span class="method-start">118146 ms</span>
              </div> <!-- configuration-class before -->
              <div class="configuration-method before">
                <span class="method-name">startTest(public void com.DemoWebShop.tests.TC_LOGIN_007.testCase7(java.lang.String,java.lang.String))</span>
                <span class="method-start">119703 ms</span>
              </div> <!-- configuration-method before -->
              <div class="test-method">
                <span class="method-name">testCase7(lorelaig_coffee@gmail.com, lukelorelai)</span>
                <span class="method-start">123950 ms</span>
              </div> <!-- test-method -->
              <div class="configuration-method after">
                <span class="method-name">logResults([TestResult name=testCase7 status=SUCCESS method=TC_LOGIN_007.testCase7(java.lang.String, java.lang....)</span>
                <span class="method-start">127323 ms</span>
              </div> <!-- configuration-method after -->
              <div class="configuration-method before">
                <span class="method-name">startTest(public void com.DemoWebShop.tests.TC_LOGIN_007.testCase7(java.lang.String,java.lang.String))</span>
                <span class="method-start">127325 ms</span>
              </div> <!-- configuration-method before -->
              <div class="test-method">
                <span class="method-name">testCase7(emilyisTheMeanest@hartford.com, EmilyRichard)</span>
                <span class="method-start">127895 ms</span>
              </div> <!-- test-method -->
              <div class="configuration-method after">
                <span class="method-name">logResults([TestResult name=testCase7 status=SUCCESS method=TC_LOGIN_007.testCase7(java.lang.String, java.lang....)</span>
                <span class="method-start">131076 ms</span>
              </div> <!-- configuration-method after -->
              <div class="configuration-method before">
                <span class="method-name">startTest(public void com.DemoWebShop.tests.TC_LOGIN_007.testCase7(java.lang.String,java.lang.String))</span>
                <span class="method-start">131077 ms</span>
              </div> <!-- configuration-method before -->
              <div class="test-method">
                <span class="method-name">testCase7(amazing.detective_genius@gmail.com, dieHardFan)</span>
                <span class="method-start">131666 ms</span>
              </div> <!-- test-method -->
              <div class="configuration-method after">
                <span class="method-name">logResults([TestResult name=testCase7 status=SUCCESS method=TC_LOGIN_007.testCase7(java.lang.String, java.lang....)</span>
                <span class="method-start">135085 ms</span>
              </div> <!-- configuration-method after -->
              <div class="configuration-class after">
                <span class="method-name">closeApplication</span>
                <span class="method-start">135086 ms</span>
              </div> <!-- configuration-class after -->
            </div> <!-- chronological-class -->
            <div class="chronological-class">
              <div class="chronological-class-name">com.DemoWebShop.tests.TC_LOGIN_008</div> <!-- chronological-class-name -->
              <div class="configuration-class before">
                <span class="method-name">initilizeDriver</span>
                <span class="method-start">135805 ms</span>
              </div> <!-- configuration-class before -->
              <div class="configuration-method before">
                <span class="method-name">startTest(public void com.DemoWebShop.tests.TC_LOGIN_008.testCase8(java.lang.String))</span>
                <span class="method-start">137452 ms</span>
              </div> <!-- configuration-method before -->
              <div class="test-method">
                <img src="failed.png">
                </img>
                <span class="method-name">testCase8(lorelaig_coffee@gmail.com)</span>
                <span class="method-start">140408 ms</span>
              </div> <!-- test-method -->
              <div class="configuration-method after">
                <span class="method-name">logResults([TestResult name=testCase8 status=FAILURE method=TC_LOGIN_008.testCase8(java.lang.String)[pri:0, ins...)</span>
                <span class="method-start">142230 ms</span>
              </div> <!-- configuration-method after -->
              <div class="configuration-method before">
                <span class="method-name">startTest(public void com.DemoWebShop.tests.TC_LOGIN_008.testCase8(java.lang.String))</span>
                <span class="method-start">142374 ms</span>
              </div> <!-- configuration-method before -->
              <div class="test-method">
                <img src="failed.png">
                </img>
                <span class="method-name">testCase8(emilyisTheMeanest@hartford.com)</span>
                <span class="method-start">142995 ms</span>
              </div> <!-- test-method -->
              <div class="configuration-method after">
                <span class="method-name">logResults([TestResult name=testCase8 status=FAILURE method=TC_LOGIN_008.testCase8(java.lang.String)[pri:0, ins...)</span>
                <span class="method-start">144616 ms</span>
              </div> <!-- configuration-method after -->
              <div class="configuration-method before">
                <span class="method-name">startTest(public void com.DemoWebShop.tests.TC_LOGIN_008.testCase8(java.lang.String))</span>
                <span class="method-start">144749 ms</span>
              </div> <!-- configuration-method before -->
              <div class="test-method">
                <img src="failed.png">
                </img>
                <span class="method-name">testCase8(amazing.detective_genius@gmail.com)</span>
                <span class="method-start">145371 ms</span>
              </div> <!-- test-method -->
              <div class="configuration-method after">
                <span class="method-name">logResults([TestResult name=testCase8 status=FAILURE method=TC_LOGIN_008.testCase8(java.lang.String)[pri:0, ins...)</span>
                <span class="method-start">147153 ms</span>
              </div> <!-- configuration-method after -->
              <div class="configuration-class after">
                <span class="method-name">closeApplication</span>
                <span class="method-start">147303 ms</span>
              </div> <!-- configuration-class after -->
            </div> <!-- chronological-class -->
            <div class="chronological-class">
              <div class="chronological-class-name">com.DemoWebShop.tests.TC_LOGIN_005</div> <!-- chronological-class-name -->
              <div class="configuration-class before">
                <span class="method-name">initilizeDriver</span>
                <span class="method-start">147986 ms</span>
              </div> <!-- configuration-class before -->
              <div class="configuration-method before">
                <span class="method-name">startTest(public void com.DemoWebShop.tests.TC_LOGIN_005.testcase5(java.lang.String,java.lang.String))</span>
                <span class="method-start">149668 ms</span>
              </div> <!-- configuration-method before -->
              <div class="test-method">
                <img src="failed.png">
                </img>
                <span class="method-name">testcase5(lorelaig_coffee@gmail.com, lukelorel)</span>
                <span class="method-start">152591 ms</span>
              </div> <!-- test-method -->
              <div class="configuration-method after">
                <span class="method-name">logResults([TestResult name=testcase5 status=FAILURE method=TC_LOGIN_005.testcase5(java.lang.String, java.lang....)</span>
                <span class="method-start">154649 ms</span>
              </div> <!-- configuration-method after -->
              <div class="configuration-method before">
                <span class="method-name">startTest(public void com.DemoWebShop.tests.TC_LOGIN_005.testcase5(java.lang.String,java.lang.String))</span>
                <span class="method-start">154798 ms</span>
              </div> <!-- configuration-method before -->
              <div class="test-method">
                <img src="failed.png">
                </img>
                <span class="method-name">testcase5(emilyisTheMeanest@hartford.com, hartfo)</span>
                <span class="method-start">155395 ms</span>
              </div> <!-- test-method -->
              <div class="configuration-method after">
                <span class="method-name">logResults([TestResult name=testcase5 status=FAILURE method=TC_LOGIN_005.testcase5(java.lang.String, java.lang....)</span>
                <span class="method-start">157188 ms</span>
              </div> <!-- configuration-method after -->
              <div class="configuration-method before">
                <span class="method-name">startTest(public void com.DemoWebShop.tests.TC_LOGIN_005.testcase5(java.lang.String,java.lang.String))</span>
                <span class="method-start">157314 ms</span>
              </div> <!-- configuration-method before -->
              <div class="test-method">
                <img src="failed.png">
                </img>
                <span class="method-name">testcase5(amazing.detective_genius@gmail.com, London)</span>
                <span class="method-start">158053 ms</span>
              </div> <!-- test-method -->
              <div class="configuration-method after">
                <span class="method-name">logResults([TestResult name=testcase5 status=FAILURE method=TC_LOGIN_005.testcase5(java.lang.String, java.lang....)</span>
                <span class="method-start">159956 ms</span>
              </div> <!-- configuration-method after -->
              <div class="configuration-class after">
                <span class="method-name">closeApplication</span>
                <span class="method-start">160098 ms</span>
              </div> <!-- configuration-class after -->
            </div> <!-- chronological-class -->
            <div class="chronological-class">
              <div class="chronological-class-name">com.DemoWebShop.tests.TC_LOGIN_006</div> <!-- chronological-class-name -->
              <div class="configuration-class before">
                <span class="method-name">initilizeDriver</span>
                <span class="method-start">160731 ms</span>
              </div> <!-- configuration-class before -->
              <div class="configuration-method before">
                <span class="method-name">startTest(public void com.DemoWebShop.tests.TC_LOGIN_006.testCase6(java.lang.String,java.lang.String))</span>
                <span class="method-start">162386 ms</span>
              </div> <!-- configuration-method before -->
              <div class="test-method">
                <img src="failed.png">
                </img>
                <span class="method-name">testCase6(lorelaig_cfee@gmail.com, lukelorelai)</span>
                <span class="method-start">164985 ms</span>
              </div> <!-- test-method -->
              <div class="configuration-method after">
                <span class="method-name">logResults([TestResult name=testCase6 status=FAILURE method=TC_LOGIN_006.testCase6(java.lang.String, java.lang....)</span>
                <span class="method-start">166915 ms</span>
              </div> <!-- configuration-method after -->
              <div class="configuration-method before">
                <span class="method-name">startTest(public void com.DemoWebShop.tests.TC_LOGIN_006.testCase6(java.lang.String,java.lang.String))</span>
                <span class="method-start">167067 ms</span>
              </div> <!-- configuration-method before -->
              <div class="test-method">
                <img src="failed.png">
                </img>
                <span class="method-name">testCase6(emilyisTeanest@hartford.com, EmilyRichard)</span>
                <span class="method-start">167666 ms</span>
              </div> <!-- test-method -->
              <div class="configuration-method after">
                <span class="method-name">logResults([TestResult name=testCase6 status=FAILURE method=TC_LOGIN_006.testCase6(java.lang.String, java.lang....)</span>
                <span class="method-start">169536 ms</span>
              </div> <!-- configuration-method after -->
              <div class="configuration-method before">
                <span class="method-name">startTest(public void com.DemoWebShop.tests.TC_LOGIN_006.testCase6(java.lang.String,java.lang.String))</span>
                <span class="method-start">169708 ms</span>
              </div> <!-- configuration-method before -->
              <div class="test-method">
                <img src="failed.png">
                </img>
                <span class="method-name">testCase6(amazing.detive_genius@gmail.com, dieHardFan)</span>
                <span class="method-start">170321 ms</span>
              </div> <!-- test-method -->
              <div class="configuration-method after">
                <span class="method-name">logResults([TestResult name=testCase6 status=FAILURE method=TC_LOGIN_006.testCase6(java.lang.String, java.lang....)</span>
                <span class="method-start">172155 ms</span>
              </div> <!-- configuration-method after -->
              <div class="configuration-class after">
                <span class="method-name">closeApplication</span>
                <span class="method-start">172298 ms</span>
              </div> <!-- configuration-class after -->
            </div> <!-- chronological-class -->
            <div class="chronological-class">
              <div class="chronological-class-name">com.DemoWebShop.tests.GoogleSearch</div> <!-- chronological-class-name -->
              <div class="configuration-class before">
                <span class="method-name">initilizeDriver</span>
                <span class="method-start">172931 ms</span>
              </div> <!-- configuration-class before -->
              <div class="configuration-class after">
                <span class="method-name">closeApplication</span>
                <span class="method-start">174550 ms</span>
              </div> <!-- configuration-class after -->
            </div> <!-- chronological-class -->
            <div class="chronological-class">
              <div class="chronological-class-name">com.DemoWebShop.tests.GoogleSearchTC</div> <!-- chronological-class-name -->
              <div class="configuration-class before">
                <span class="method-name">initilizeDriver</span>
                <span class="method-start">175253 ms</span>
              </div> <!-- configuration-class before -->
              <div class="configuration-class after">
                <span class="method-name">closeApplication</span>
                <span class="method-start">176797 ms</span>
              </div> <!-- configuration-class after -->
            </div> <!-- chronological-class -->
            <div class="chronological-class">
              <div class="chronological-class-name">com.DemoWebShop.tests.TC_SHOPPINGCART_013</div> <!-- chronological-class-name -->
              <div class="configuration-suite after">
                <span class="method-name">publishExtentReport</span>
                <span class="method-start">177583 ms</span>
              </div> <!-- configuration-suite after -->
          </div> <!-- main-panel-content rounded-window-bottom -->
        </div> <!-- panel -->
      </div> <!-- main-panel-root -->
    </div> <!-- wrapper -->
  </body>
</html>
